<?xml version="1.0" encoding="UTF-8"?>
<robot generator="Robot 7.4.2 (Python 3.12.0 on win32)" generated="2026-06-23T01:34:18.655139" rpa="false" schemaversion="5">
<suite id="s1" name="Tests" source="C:\Users\GEET SHRIMALI\OneDrive\Desktop\final_sprint\tests">
<suite id="s1-s1" name="Ui" source="C:\Users\GEET SHRIMALI\OneDrive\Desktop\final_sprint\tests\ui">
<suite id="s1-s1-s1" name="TC UI 6B" source="C:\Users\GEET SHRIMALI\OneDrive\Desktop\final_sprint\tests\ui\TC_UI_6B.robot">
<kw name="Load Environment" owner="common_resources" type="SETUP">
<kw name="Load Env" owner="env_loader">
<arg>${ENV}</arg>
<status status="PASS" start="2026-06-23T01:34:19.105897" elapsed="0.000000"/>
</kw>
<kw name="Get Env" owner="env_loader">
<msg time="2026-06-23T01:34:19.105897" level="INFO">${url} = https://parabank.parasoft.com</msg>
<var>${url}</var>
<arg>baseurl</arg>
<status status="PASS" start="2026-06-23T01:34:19.105897" elapsed="0.000000"/>
</kw>
<kw name="Get Env" owner="env_loader">
<msg time="2026-06-23T01:34:19.105897" level="INFO">${id} = john</msg>
<var>${id}</var>
<arg>user_id</arg>
<status status="PASS" start="2026-06-23T01:34:19.105897" elapsed="0.000000"/>
</kw>
<kw name="Get Env" owner="env_loader">
<msg time="2026-06-23T01:34:19.105897" level="INFO">${pwd} = demo</msg>
<var>${pwd}</var>
<arg>user_password</arg>
<status status="PASS" start="2026-06-23T01:34:19.105897" elapsed="0.000000"/>
</kw>
<kw name="Set Global Variable" owner="BuiltIn">
<msg time="2026-06-23T01:34:19.105897" level="INFO">${BASE_URL} = https://parabank.parasoft.com</msg>
<arg>${BASE_URL}</arg>
<arg>${url}</arg>
<doc>Makes a variable available globally in all tests and suites.</doc>
<status status="PASS" start="2026-06-23T01:34:19.105897" elapsed="0.000000"/>
</kw>
<kw name="Set Global Variable" owner="BuiltIn">
<msg time="2026-06-23T01:34:19.105897" level="INFO">${USER_ID} = john</msg>
<arg>${USER_ID}</arg>
<arg>${id}</arg>
<doc>Makes a variable available globally in all tests and suites.</doc>
<status status="PASS" start="2026-06-23T01:34:19.105897" elapsed="0.000000"/>
</kw>
<kw name="Set Global Variable" owner="BuiltIn">
<msg time="2026-06-23T01:34:19.105897" level="INFO">${USER_PWD} = demo</msg>
<arg>${USER_PWD}</arg>
<arg>${pwd}</arg>
<doc>Makes a variable available globally in all tests and suites.</doc>
<status status="PASS" start="2026-06-23T01:34:19.105897" elapsed="0.000000"/>
</kw>
<status status="PASS" start="2026-06-23T01:34:19.105897" elapsed="0.000000"/>
</kw>
<test id="s1-s1-s1-t1" name="TC_UI_06B Validate Negative Amount Transfer" line="11">
<kw name="open app" owner="common_resources" type="SETUP">
<kw name="Open Browser" owner="SeleniumLibrary">
<msg time="2026-06-23T01:34:19.105897" level="INFO">Opening browser 'chrome' to base url 'https://parabank.parasoft.com'.</msg>
<arg>${BASE_URL}</arg>
<arg>${BROWSER}</arg>
<doc>Opens a new browser instance to the optional ``url``.</doc>
<status status="PASS" start="2026-06-23T01:34:19.105897" elapsed="4.271626"/>
</kw>
<kw name="Maximize Browser Window" owner="SeleniumLibrary">
<doc>Maximizes current browser window.</doc>
<status status="PASS" start="2026-06-23T01:34:23.377866" elapsed="0.051594"/>
</kw>
<doc>opens the application</doc>
<status status="PASS" start="2026-06-23T01:34:19.105897" elapsed="4.323563"/>
</kw>
<kw name="login" owner="home_pg">
<kw name="Wait Until Element Is Visible" owner="SeleniumLibrary">
<arg>${usr_fld}</arg>
<doc>Waits until the element ``locator`` is visible.</doc>
<status status="PASS" start="2026-06-23T01:34:23.429460" elapsed="0.043706"/>
</kw>
<kw name="Input Text" owner="SeleniumLibrary">
<msg time="2026-06-23T01:34:23.478982" level="INFO">Typing text 'john' into text field 'css=input[name=username]'.</msg>
<arg>${usr_fld}</arg>
<arg>${id}</arg>
<doc>Types the given ``text`` into the text field identified by ``locator``.</doc>
<status status="PASS" start="2026-06-23T01:34:23.473166" elapsed="0.108541"/>
</kw>
<kw name="Log" owner="BuiltIn">
<msg time="2026-06-23T01:34:23.582564" level="INFO">entering id</msg>
<arg>entering id</arg>
<doc>Logs the given message with the given level.</doc>
<status status="PASS" start="2026-06-23T01:34:23.582564" elapsed="0.000000"/>
</kw>
<kw name="Input Text" owner="SeleniumLibrary">
<msg time="2026-06-23T01:34:23.582564" level="INFO">Typing text 'demo' into text field 'css=input[name=password]'.</msg>
<arg>${pass_fld}</arg>
<arg>${pwd}</arg>
<doc>Types the given ``text`` into the text field identified by ``locator``.</doc>
<status status="PASS" start="2026-06-23T01:34:23.582564" elapsed="0.101857"/>
</kw>
<kw name="Log" owner="BuiltIn">
<msg time="2026-06-23T01:34:23.686428" level="INFO">entering password</msg>
<arg>entering password</arg>
<doc>Logs the given message with the given level.</doc>
<status status="PASS" start="2026-06-23T01:34:23.684421" elapsed="0.002007"/>
</kw>
<kw name="Click Element" owner="SeleniumLibrary">
<msg time="2026-06-23T01:34:23.686428" level="INFO">Clicking element 'css=input.button'.</msg>
<arg>${login}</arg>
<doc>Click the element identified by ``locator``.</doc>
<status status="PASS" start="2026-06-23T01:34:23.686428" elapsed="3.597661"/>
</kw>
<kw name="Log" owner="BuiltIn">
<msg time="2026-06-23T01:34:27.284089" level="INFO">login</msg>
<arg>login</arg>
<doc>Logs the given message with the given level.</doc>
<status status="PASS" start="2026-06-23T01:34:27.284089" elapsed="0.000000"/>
</kw>
<arg>${USER_ID}</arg>
<arg>${USER_PWD}</arg>
<status status="PASS" start="2026-06-23T01:34:23.429460" elapsed="3.854629"/>
</kw>
<kw name="Log" owner="BuiltIn">
<msg time="2026-06-23T01:34:27.284089" level="INFO">Logged in successfully</msg>
<arg>Logged in successfully</arg>
<doc>Logs the given message with the given level.</doc>
<status status="PASS" start="2026-06-23T01:34:27.284089" elapsed="0.000000"/>
</kw>
<kw name="Clear Database" owner="api_keywords">
<kw name="Create Session To API" owner="api_keywords">
<kw name="Create Session" owner="RequestsLibrary">
<msg time="2026-06-23T01:34:27.284089" level="INFO">Creating Session using : alias=parabank, url=https://parabank.parasoft.com/parabank/services/bank, headers={},                     cookies={}, auth=None, timeout=None, proxies=None, verify=False,                     debug=0 </msg>
<arg>parabank</arg>
<arg>${API_BASE_URL}</arg>
<doc>Create Session: create a HTTP session to a server</doc>
<status status="PASS" start="2026-06-23T01:34:27.284089" elapsed="0.000000"/>
</kw>
<status status="PASS" start="2026-06-23T01:34:27.284089" elapsed="0.000000"/>
</kw>
<kw name="Create Dictionary" owner="BuiltIn">
<msg time="2026-06-23T01:34:27.289842" level="INFO">${headers} = {'Accept': 'application/json'}</msg>
<var>${headers}</var>
<arg>Accept=application/json</arg>
<doc>Creates and returns a dictionary based on the given ``items``.</doc>
<status status="PASS" start="2026-06-23T01:34:27.284089" elapsed="0.005753"/>
</kw>
<kw name="POST On Session" owner="RequestsLibrary">
<msg time="2026-06-23T01:34:29.215203" level="INFO">POST Request : url=https://parabank.parasoft.com/parabank/services/bank/cleanDB 
 path_url=/parabank/services/bank/cleanDB 
 headers={'User-Agent': 'python-requests/2.34.2', 'Accept-Encoding': 'gzip, deflate', 'Accept': 'application/json', 'Connection': 'keep-alive', 'Content-Length': '0'} 
 body=None 
 </msg>
<msg time="2026-06-23T01:34:29.215203" level="INFO">POST Response : url=https://parabank.parasoft.com/parabank/services/bank/cleanDB 
 status=204, reason=No Content 
 headers={'Date': 'Mon, 22 Jun 2026 20:04:29 GMT', 'Connection': 'keep-alive', 'Server': 'cloudflare', 'cf-cache-status': 'DYNAMIC', 'X-Content-Type-Options': 'nosniff', 'CF-RAY': 'a0fddcbeed9ed295-FRA'} 
 body=None 
 </msg>
<msg time="2026-06-23T01:34:29.215203" level="INFO">C:\Users\GEET SHRIMALI\OneDrive\Desktop\final_sprint\.venv\Lib\site-packages\urllib3\connectionpool.py:1110: InsecureRequestWarning: Unverified HTTPS request is being made to host 'parabank.parasoft.com'. Adding certificate verification is strongly advised. See: https://urllib3.readthedocs.io/en/latest/advanced-usage.html#tls-warnings
  warnings.warn(</msg>
<msg time="2026-06-23T01:34:29.215203" level="INFO">${response} = &lt;Response [204]&gt;</msg>
<var>${response}</var>
<arg>parabank</arg>
<arg>/cleanDB</arg>
<arg>expected_status=any</arg>
<arg>headers=${headers}</arg>
<doc>Sends a POST request on a previously created HTTP Session.</doc>
<status status="PASS" start="2026-06-23T01:34:27.289842" elapsed="1.925361"/>
</kw>
<return>
<value>${response}</value>
<status status="PASS" start="2026-06-23T01:34:29.215203" elapsed="0.000000"/>
</return>
<status status="PASS" start="2026-06-23T01:34:27.284089" elapsed="1.931114"/>
</kw>
<kw name="Create Account" owner="open_account">
<kw name="Click Element" owner="SeleniumLibrary">
<msg time="2026-06-23T01:34:29.215203" level="INFO">Clicking element 'css=a[href="openaccount.htm"]'.</msg>
<arg>${Open_Account}</arg>
<doc>Click the element identified by ``locator``.</doc>
<status status="PASS" start="2026-06-23T01:34:29.215203" elapsed="0.529539"/>
</kw>
<kw name="Wait Until Element Is Visible" owner="SeleniumLibrary">
<arg>${Account_Type}</arg>
<arg>10s</arg>
<doc>Waits until the element ``locator`` is visible.</doc>
<status status="PASS" start="2026-06-23T01:34:29.744742" elapsed="0.017372"/>
</kw>
<kw name="Select From List By Label" owner="SeleniumLibrary">
<msg time="2026-06-23T01:34:29.762114" level="INFO">Selecting options from selection list 'xpath=//select[@id="type"]' by label SAVINGS.</msg>
<arg>${Account_Type}</arg>
<arg>${acc_type}</arg>
<doc>Selects options from selection list ``locator`` by ``labels``.</doc>
<status status="PASS" start="2026-06-23T01:34:29.762114" elapsed="0.135287"/>
</kw>
<kw name="Wait Until Element Contains" owner="SeleniumLibrary">
<arg>${From_Account}</arg>
<arg>13344</arg>
<doc>Waits until the element ``locator`` contains ``text``.</doc>
<status status="PASS" start="2026-06-23T01:34:29.897401" elapsed="1.131579"/>
</kw>
<kw name="Wait Until Element Is Enabled" owner="SeleniumLibrary">
<arg>${Open_New_account}</arg>
<arg>5s</arg>
<doc>Waits until the element ``locator`` is enabled.</doc>
<status status="PASS" start="2026-06-23T01:34:31.028980" elapsed="0.038016"/>
</kw>
<kw name="Click Element" owner="SeleniumLibrary">
<msg time="2026-06-23T01:34:31.068002" level="INFO">Clicking element 'css=input.button'.</msg>
<arg>${Open_New_account}</arg>
<doc>Click the element identified by ``locator``.</doc>
<status status="PASS" start="2026-06-23T01:34:31.068002" elapsed="0.075895"/>
</kw>
<kw name="Wait Until Page Contains" owner="SeleniumLibrary">
<arg>Congratulations, your account is now open.</arg>
<doc>Waits until ``text`` appears on the current page.</doc>
<status status="PASS" start="2026-06-23T01:34:31.143897" elapsed="0.011413"/>
</kw>
<kw name="Wait Until Element Is Visible" owner="SeleniumLibrary">
<arg>${New_Account_ID_LOC}</arg>
<arg>5s</arg>
<doc>Waits until the element ``locator`` is visible.</doc>
<status status="PASS" start="2026-06-23T01:34:31.156638" elapsed="0.474164"/>
</kw>
<kw name="Get Text" owner="SeleniumLibrary">
<msg time="2026-06-23T01:34:31.645355" level="INFO">${accountId} = 13566</msg>
<var>${accountId}</var>
<arg>${New_Account_ID_LOC}</arg>
<doc>Returns the text value of the element identified by ``locator``.</doc>
<status status="PASS" start="2026-06-23T01:34:31.631797" elapsed="0.013558"/>
</kw>
<kw name="Set Suite Variable" owner="BuiltIn">
<msg time="2026-06-23T01:34:31.645893" level="INFO">${NEW_ACCOUNT_ID} = 13566</msg>
<arg>${NEW_ACCOUNT_ID}</arg>
<arg>${accountId}</arg>
<doc>Makes a variable available everywhere within the scope of the current suite.</doc>
<status status="PASS" start="2026-06-23T01:34:31.645893" elapsed="0.000000"/>
</kw>
<kw name="Log To Console" owner="BuiltIn">
<arg>Created Account: ${accountId}</arg>
<doc>Logs the given message to the console.</doc>
<status status="PASS" start="2026-06-23T01:34:31.645893" elapsed="0.001014"/>
</kw>
<return>
<value>${accountId}</value>
<status status="PASS" start="2026-06-23T01:34:31.646907" elapsed="0.000000"/>
</return>
<msg time="2026-06-23T01:34:31.646907" level="INFO">${new_account} = 13566</msg>
<var>${new_account}</var>
<arg>SAVINGS</arg>
<status status="PASS" start="2026-06-23T01:34:29.215203" elapsed="2.431704"/>
</kw>
<kw name="Transfer Funds A" owner="transfer_funds">
<kw name="Click Element" owner="SeleniumLibrary">
<msg time="2026-06-23T01:34:31.647903" level="INFO">Clicking element 'css=a[href="transfer.htm"]'.</msg>
<arg>${Transfer_Funds}</arg>
<doc>Click the element identified by ``locator``.</doc>
<status status="PASS" start="2026-06-23T01:34:31.646907" elapsed="0.538593"/>
</kw>
<kw name="Log" owner="BuiltIn">
<msg time="2026-06-23T01:34:32.185500" level="INFO">clicked transfer funds</msg>
<arg>clicked transfer funds</arg>
<doc>Logs the given message with the given level.</doc>
<status status="PASS" start="2026-06-23T01:34:32.185500" elapsed="0.000000"/>
</kw>
<kw name="Wait Until Element Is Visible" owner="SeleniumLibrary">
<arg>${Funds_Amount}</arg>
<arg>5s</arg>
<doc>Waits until the element ``locator`` is visible.</doc>
<status status="PASS" start="2026-06-23T01:34:32.185500" elapsed="0.031197"/>
</kw>
<kw name="Input Text" owner="SeleniumLibrary">
<msg time="2026-06-23T01:34:32.216697" level="INFO">Typing text '-500' into text field 'xpath=//input[@id='amount']'.</msg>
<arg>${Funds_Amount}</arg>
<arg>${amount}</arg>
<doc>Types the given ``text`` into the text field identified by ``locator``.</doc>
<status status="PASS" start="2026-06-23T01:34:32.216697" elapsed="0.135914"/>
</kw>
<kw name="Wait Until Element Contains" owner="SeleniumLibrary">
<arg>${From_Account}</arg>
<arg>${from_acc}</arg>
<doc>Waits until the element ``locator`` contains ``text``.</doc>
<status status="PASS" start="2026-06-23T01:34:32.352611" elapsed="0.683664"/>
</kw>
<kw name="Select From List By Value" owner="SeleniumLibrary">
<msg time="2026-06-23T01:34:33.036275" level="INFO">Selecting options from selection list 'xpath=//select[@id='fromAccountId']' by value 13344.</msg>
<arg>${From_Account}</arg>
<arg>${from_acc}</arg>
<doc>Selects options from selection list ``locator`` by ``values``.</doc>
<status status="PASS" start="2026-06-23T01:34:33.036275" elapsed="0.051964"/>
</kw>
<kw name="Select From List By Value" owner="SeleniumLibrary">
<msg time="2026-06-23T01:34:33.088239" level="INFO">Selecting options from selection list 'xpath=//select[@id='toAccountId']' by value 13566.</msg>
<arg>${To_Account}</arg>
<arg>${to_acc}</arg>
<doc>Selects options from selection list ``locator`` by ``values``.</doc>
<status status="PASS" start="2026-06-23T01:34:33.088239" elapsed="0.071585"/>
</kw>
<kw name="Get Selected List Value" owner="SeleniumLibrary">
<msg time="2026-06-23T01:34:33.259239" level="INFO">${from} = 13344</msg>
<var>${from}</var>
<arg>${From_Account}</arg>
<doc>Returns the value of selected option from selection list ``locator``.</doc>
<status status="PASS" start="2026-06-23T01:34:33.159824" elapsed="0.099415"/>
</kw>
<kw name="Get Selected List Value" owner="SeleniumLibrary">
<msg time="2026-06-23T01:34:33.361736" level="INFO">${to} = 13566</msg>
<var>${to}</var>
<arg>${To_Account}</arg>
<doc>Returns the value of selected option from selection list ``locator``.</doc>
<status status="PASS" start="2026-06-23T01:34:33.259239" elapsed="0.102497"/>
</kw>
<kw name="Set Suite Variable" owner="BuiltIn">
<msg time="2026-06-23T01:34:33.361736" level="INFO">${TRANSFER_AMOUNT} = -500</msg>
<arg>${TRANSFER_AMOUNT}</arg>
<arg>${amount}</arg>
<doc>Makes a variable available everywhere within the scope of the current suite.</doc>
<status status="PASS" start="2026-06-23T01:34:33.361736" elapsed="0.000000"/>
</kw>
<kw name="Set Suite Variable" owner="BuiltIn">
<msg time="2026-06-23T01:34:33.367216" level="INFO">${FROM_ACNT} = 13344</msg>
<arg>${FROM_ACNT}</arg>
<arg>${from}</arg>
<doc>Makes a variable available everywhere within the scope of the current suite.</doc>
<status status="PASS" start="2026-06-23T01:34:33.367216" elapsed="0.000000"/>
</kw>
<kw name="Set Suite Variable" owner="BuiltIn">
<msg time="2026-06-23T01:34:33.367216" level="INFO">${TO_ACNT} = 13566</msg>
<arg>${TO_ACNT}</arg>
<arg>${to}</arg>
<doc>Makes a variable available everywhere within the scope of the current suite.</doc>
<status status="PASS" start="2026-06-23T01:34:33.367216" elapsed="0.000000"/>
</kw>
<kw name="Wait Until Element Is Enabled" owner="SeleniumLibrary">
<arg>${Transfer_Button}</arg>
<doc>Waits until the element ``locator`` is enabled.</doc>
<status status="PASS" start="2026-06-23T01:34:33.367216" elapsed="0.032109"/>
</kw>
<kw name="Click Element" owner="SeleniumLibrary">
<msg time="2026-06-23T01:34:33.399325" level="INFO">Clicking element 'css=input.button'.</msg>
<arg>${Transfer_Button}</arg>
<doc>Click the element identified by ``locator``.</doc>
<status status="PASS" start="2026-06-23T01:34:33.399325" elapsed="0.049257"/>
</kw>
<kw name="Wait Until Page Contains" owner="SeleniumLibrary">
<arg>Transfer Complete!</arg>
<doc>Waits until ``text`` appears on the current page.</doc>
<status status="PASS" start="2026-06-23T01:34:33.448582" elapsed="0.010825"/>
</kw>
<kw name="Log" owner="BuiltIn">
<msg time="2026-06-23T01:34:33.460406" level="INFO">Funds transferred</msg>
<arg>Funds transferred</arg>
<doc>Logs the given message with the given level.</doc>
<status status="PASS" start="2026-06-23T01:34:33.459407" elapsed="0.000999"/>
</kw>
<arg>${ACCOUNT_ID}</arg>
<arg>${new_account}</arg>
<arg>-500</arg>
<status status="PASS" start="2026-06-23T01:34:31.646907" elapsed="1.813499"/>
</kw>
<kw name="Wait Until Element Is Visible" owner="SeleniumLibrary">
<arg>${Amount_result}</arg>
<doc>Waits until the element ``locator`` is visible.</doc>
<status status="PASS" start="2026-06-23T01:34:33.460406" elapsed="0.646518"/>
</kw>
<kw name="Page Should Contain" owner="SeleniumLibrary">
<msg time="2026-06-23T01:34:34.215489" level="INFO" html="true">&lt;/td&gt;&lt;/tr&gt;&lt;tr&gt;&lt;td colspan="3"&gt;&lt;a href="selenium-screenshot-1.png"&gt;&lt;img src="selenium-screenshot-1.png" width="800px"&gt;&lt;/a&gt;</msg>
<msg time="2026-06-23T01:34:34.215489" level="FAIL">Page should have contained text 'Transfer Incomplete!' but did not.</msg>
<arg>Transfer Incomplete!</arg>
<doc>Verifies that current page contains ``text``.</doc>
<status status="FAIL" start="2026-06-23T01:34:34.106924" elapsed="0.108565">Page should have contained text 'Transfer Incomplete!' but did not.</status>
</kw>
<kw name="Save Screenshot" owner="common_resources" type="TEARDOWN">
<kw name="Create Directory" owner="OperatingSystem">
<msg time="2026-06-23T01:34:34.215489" level="INFO" html="true">Created directory '&lt;a href="file://C:\Users\GEET SHRIMALI\OneDrive\Desktop\final_sprint\pabot_results\12\screenshots"&gt;C:\Users\GEET SHRIMALI\OneDrive\Desktop\final_sprint\pabot_results\12\screenshots&lt;/a&gt;'.</msg>
<arg>${OUTPUT DIR}/screenshots</arg>
<doc>Creates the specified directory.</doc>
<status status="PASS" start="2026-06-23T01:34:34.215489" elapsed="0.000000"/>
</kw>
<kw name="Capture Page Screenshot" owner="SeleniumLibrary">
<msg time="2026-06-23T01:34:34.320734" level="INFO" html="true">&lt;/td&gt;&lt;/tr&gt;&lt;tr&gt;&lt;td colspan="3"&gt;&lt;a href="screenshots/TC_UI_06B%20Validate%20Negative%20Amount%20Transfer.png"&gt;&lt;img src="screenshots/TC_UI_06B%20Validate%20Negative%20Amount%20Transfer.png" width="800px"&gt;&lt;/a&gt;</msg>
<arg>${OUTPUT DIR}/screenshots/${TEST NAME}.png</arg>
<doc>Takes a screenshot of the current page and embeds it into a log file.</doc>
<status status="PASS" start="2026-06-23T01:34:34.215489" elapsed="0.105245"/>
</kw>
<kw name="Close All Browsers" owner="SeleniumLibrary">
<doc>Closes all open browsers and resets the browser cache.</doc>
<status status="PASS" start="2026-06-23T01:34:34.320734" elapsed="2.181505"/>
</kw>
<status status="PASS" start="2026-06-23T01:34:34.215489" elapsed="2.286750"/>
</kw>
<doc>Validate transfer funds with negative amount(FAIL)</doc>
<tag>ui negative</tag>
<status status="FAIL" start="2026-06-23T01:34:19.105897" elapsed="17.396342">Page should have contained text 'Transfer Incomplete!' but did not.</status>
</test>
<status status="FAIL" start="2026-06-23T01:34:18.686331" elapsed="17.815908"/>
</suite>
<status status="FAIL" start="2026-06-23T01:34:18.686331" elapsed="17.815908"/>
</suite>
<status status="FAIL" start="2026-06-23T01:34:18.666747" elapsed="17.835492"/>
</suite>
<statistics>
<total>
<stat pass="0" fail="1" skip="0">All Tests</stat>
</total>
<tag>
<stat pass="0" fail="1" skip="0">ui negative</stat>
</tag>
<suite>
<stat name="Tests" id="s1" pass="0" fail="1" skip="0">Tests</stat>
<stat name="Ui" id="s1-s1" pass="0" fail="1" skip="0">Tests.Ui</stat>
<stat name="TC UI 6B" id="s1-s1-s1" pass="0" fail="1" skip="0">Tests.Ui.TC UI 6B</stat>
</suite>
</statistics>
<errors>
</errors>
</robot>
