<?xml version="1.0" encoding="UTF-8"?>
<robot generator="Rebot 7.4.2 (Python 3.12.0 on win32)" generated="2026-06-23T01:34:49.255061" rpa="false" schemaversion="5">
<suite id="s1" name="Tests" source="C:\Users\GEET SHRIMALI\OneDrive\Desktop\final_sprint\tests">
<suite id="s1-s1" name="Api" source="C:\Users\GEET SHRIMALI\OneDrive\Desktop\final_sprint\tests\api">
<suite id="s1-s1-s1" name="TC API 01" source="C:\Users\GEET SHRIMALI\OneDrive\Desktop\final_sprint\tests\api\TC_API_01.robot">
<kw name="Create Session To API" owner="api_keywords" type="SETUP">
<kw name="Create Session" owner="RequestsLibrary">
<msg time="2026-06-23T01:33:23.052175" level="INFO">Creating Session using : alias=parabank, url=https://parabank.parasoft.com/parabank/services/bank, headers={},                     cookies={}, auth=None, timeout=None, proxies=None, verify=False,                     debug=0 </msg>
<arg>parabank</arg>
<arg>${API_BASE_URL}</arg>
<doc>Create Session: create a HTTP session to a server</doc>
<status status="PASS" start="2026-06-23T01:33:23.052175" elapsed="0.000000"/>
</kw>
<status status="PASS" start="2026-06-23T01:33:23.049484" elapsed="0.002691"/>
</kw>
<test id="s1-s1-s1-t1" name="TC_API_01 Verify Accounts" line="7">
<kw name="Get Customer Accounts" owner="api_keywords">
<kw name="Create Dictionary" owner="BuiltIn">
<msg time="2026-06-23T01:33:23.052175" level="INFO">${headers} = {'Accept': 'application/json'}</msg>
<var>${headers}</var>
<arg>Accept=application/json</arg>
<doc>Creates and returns a dictionary based on the given ``items``.</doc>
<status status="PASS" start="2026-06-23T01:33:23.052175" elapsed="0.000000"/>
</kw>
<kw name="GET On Session" owner="RequestsLibrary">
<msg time="2026-06-23T01:33:24.177364" level="INFO">GET Request : url=https://parabank.parasoft.com/parabank/services/bank/customers/12212/accounts 
 path_url=/parabank/services/bank/customers/12212/accounts 
 headers={'User-Agent': 'python-requests/2.34.2', 'Accept-Encoding': 'gzip, deflate', 'Accept': 'application/json', 'Connection': 'keep-alive'} 
 body=None 
 </msg>
<msg time="2026-06-23T01:33:24.177364" level="INFO">GET Response : url=https://parabank.parasoft.com/parabank/services/bank/customers/12212/accounts 
 status=200, reason=OK 
 headers={'Date': 'Mon, 22 Jun 2026 20:03:24 GMT', 'Content-Type': 'application/json', 'Transfer-Encoding': 'chunked', 'Connection': 'keep-alive', 'Server': 'cloudflare', 'cf-cache-status': 'DYNAMIC', 'X-Content-Type-Options': 'nosniff', 'Content-Encoding': 'gzip', 'CF-RAY': 'a0fddb2a3b33afea-FRA'} 
 body=[{"id":13344,"customerId":12212,"type":"CHECKING","balance":-49999995796.07},{"id":13455,"customerId":12212,"type":"SAVINGS","balance":-400.00},{"id":13566,"customerId":12212,"type":"SAVINGS","balance":50000001019.00},{"id":13788,"customerId":12212,"type":"CHECKING","balance":200.00},{"id":13899,"customerId":12212,"type":"SAVINGS","balance":0.00}] 
 </msg>
<msg time="2026-06-23T01:33:24.177364" level="INFO">C:\Users\GEET SHRIMALI\OneDrive\Desktop\final_sprint\.venv\Lib\site-packages\urllib3\connectionpool.py:1110: InsecureRequestWarning: Unverified HTTPS request is being made to host 'parabank.parasoft.com'. Adding certificate verification is strongly advised. See: https://urllib3.readthedocs.io/en/latest/advanced-usage.html#tls-warnings
  warnings.warn(</msg>
<msg time="2026-06-23T01:33:24.177364" level="INFO">${response} = &lt;Response [200]&gt;</msg>
<var>${response}</var>
<arg>parabank</arg>
<arg>/customers/${customerId}/accounts</arg>
<arg>expected_status=any</arg>
<arg>headers=${headers}</arg>
<doc>Sends a GET request on a previously created HTTP Session.</doc>
<status status="PASS" start="2026-06-23T01:33:23.052175" elapsed="1.125189"/>
</kw>
<return>
<value>${response}</value>
<status status="PASS" start="2026-06-23T01:33:24.177364" elapsed="0.000000"/>
</return>
<msg time="2026-06-23T01:33:24.177364" level="INFO">${response} = &lt;Response [200]&gt;</msg>
<var>${response}</var>
<arg>${CUSTOMER_ID}</arg>
<status status="PASS" start="2026-06-23T01:33:23.052175" elapsed="1.125189"/>
</kw>
<kw name="Should Be Equal As Integers" owner="BuiltIn">
<msg time="2026-06-23T01:33:24.179354" level="INFO">Argument types are:
&lt;class 'int'&gt;
&lt;class 'str'&gt;</msg>
<arg>${response.status_code}</arg>
<arg>200</arg>
<doc>Fails if objects are unequal after converting them to integers.</doc>
<status status="PASS" start="2026-06-23T01:33:24.177364" elapsed="0.001990"/>
</kw>
<kw name="Set Variable" owner="BuiltIn">
<msg time="2026-06-23T01:33:24.179354" level="INFO">${body} = [{'id': 13344, 'customerId': 12212, 'type': 'CHECKING', 'balance': -49999995796.07}, {'id': 13455, 'customerId': 12212, 'type': 'SAVINGS', 'balance': -400.0}, {'id': 13566, 'customerId': 12212, 'type'...</msg>
<var>${body}</var>
<arg>${response.json()}</arg>
<doc>Returns the given values which can then be assigned to a variables.</doc>
<status status="PASS" start="2026-06-23T01:33:24.179354" elapsed="0.000000"/>
</kw>
<kw name="Should Not Be Empty" owner="BuiltIn">
<msg time="2026-06-23T01:33:24.179354" level="INFO">Length is 5.</msg>
<arg>${body}</arg>
<doc>Verifies that the given item is not empty.</doc>
<status status="PASS" start="2026-06-23T01:33:24.179354" elapsed="0.000000"/>
</kw>
<kw name="Log To Console" owner="BuiltIn">
<arg>${body}</arg>
<doc>Logs the given message to the console.</doc>
<status status="PASS" start="2026-06-23T01:33:24.179354" elapsed="0.000000"/>
</kw>
<kw name="Log To Console" owner="BuiltIn">
<arg>${response.status_code}</arg>
<doc>Logs the given message to the console.</doc>
<status status="PASS" start="2026-06-23T01:33:24.179354" elapsed="0.000000"/>
</kw>
<doc>Verify accounts API</doc>
<tag>api</tag>
<status status="PASS" start="2026-06-23T01:33:23.052175" elapsed="1.127179"/>
</test>
<status status="PASS" start="2026-06-23T01:33:22.631000" elapsed="1.130000"/>
</suite>
<suite id="s1-s1-s2" name="TC API 02" source="C:\Users\GEET SHRIMALI\OneDrive\Desktop\final_sprint\tests\api\TC_API_02.robot">
<kw name="Create Session To API" owner="api_keywords" type="SETUP">
<kw name="Create Session" owner="RequestsLibrary">
<msg time="2026-06-23T01:33:23.058387" level="INFO">Creating Session using : alias=parabank, url=https://parabank.parasoft.com/parabank/services/bank, headers={},                     cookies={}, auth=None, timeout=None, proxies=None, verify=False,                     debug=0 </msg>
<arg>parabank</arg>
<arg>${API_BASE_URL}</arg>
<doc>Create Session: create a HTTP session to a server</doc>
<status status="PASS" start="2026-06-23T01:33:23.058387" elapsed="0.000000"/>
</kw>
<status status="PASS" start="2026-06-23T01:33:23.054183" elapsed="0.004204"/>
</kw>
<test id="s1-s1-s2-t1" name="TC_API_02 verify account exists" line="7">
<kw name="Get Customer Accounts" owner="api_keywords">
<kw name="Create Dictionary" owner="BuiltIn">
<msg time="2026-06-23T01:33:23.058387" level="INFO">${headers} = {'Accept': 'application/json'}</msg>
<var>${headers}</var>
<arg>Accept=application/json</arg>
<doc>Creates and returns a dictionary based on the given ``items``.</doc>
<status status="PASS" start="2026-06-23T01:33:23.058387" elapsed="0.000000"/>
</kw>
<kw name="GET On Session" owner="RequestsLibrary">
<msg time="2026-06-23T01:33:24.446101" level="INFO">GET Request : url=https://parabank.parasoft.com/parabank/services/bank/customers/12212/accounts 
 path_url=/parabank/services/bank/customers/12212/accounts 
 headers={'User-Agent': 'python-requests/2.34.2', 'Accept-Encoding': 'gzip, deflate', 'Accept': 'application/json', 'Connection': 'keep-alive'} 
 body=None 
 </msg>
<msg time="2026-06-23T01:33:24.446101" level="INFO">GET Response : url=https://parabank.parasoft.com/parabank/services/bank/customers/12212/accounts 
 status=200, reason=OK 
 headers={'Date': 'Mon, 22 Jun 2026 20:03:24 GMT', 'Content-Type': 'application/json', 'Transfer-Encoding': 'chunked', 'Connection': 'keep-alive', 'Server': 'cloudflare', 'cf-cache-status': 'DYNAMIC', 'X-Content-Type-Options': 'nosniff', 'Content-Encoding': 'gzip', 'CF-RAY': 'a0fddb2a2a824d84-FRA'} 
 body=[{"id":13344,"customerId":12212,"type":"CHECKING","balance":-49999995796.07},{"id":13455,"customerId":12212,"type":"SAVINGS","balance":-400.00},{"id":13566,"customerId":12212,"type":"SAVINGS","balance":50000001019.00},{"id":13788,"customerId":12212,"type":"CHECKING","balance":200.00},{"id":13899,"customerId":12212,"type":"SAVINGS","balance":0.00}] 
 </msg>
<msg time="2026-06-23T01:33:24.446101" level="INFO">C:\Users\GEET SHRIMALI\OneDrive\Desktop\final_sprint\.venv\Lib\site-packages\urllib3\connectionpool.py:1110: InsecureRequestWarning: Unverified HTTPS request is being made to host 'parabank.parasoft.com'. Adding certificate verification is strongly advised. See: https://urllib3.readthedocs.io/en/latest/advanced-usage.html#tls-warnings
  warnings.warn(</msg>
<msg time="2026-06-23T01:33:24.446101" level="INFO">${response} = &lt;Response [200]&gt;</msg>
<var>${response}</var>
<arg>parabank</arg>
<arg>/customers/${customerId}/accounts</arg>
<arg>expected_status=any</arg>
<arg>headers=${headers}</arg>
<doc>Sends a GET request on a previously created HTTP Session.</doc>
<status status="PASS" start="2026-06-23T01:33:23.058387" elapsed="1.387714"/>
</kw>
<return>
<value>${response}</value>
<status status="PASS" start="2026-06-23T01:33:24.446101" elapsed="0.000000"/>
</return>
<msg time="2026-06-23T01:33:24.446101" level="INFO">${response} = &lt;Response [200]&gt;</msg>
<var>${response}</var>
<arg>${CUSTOMER_ID}</arg>
<status status="PASS" start="2026-06-23T01:33:23.058387" elapsed="1.387714"/>
</kw>
<kw name="Should Be Equal As Integers" owner="BuiltIn">
<msg time="2026-06-23T01:33:24.446101" level="INFO">Argument types are:
&lt;class 'int'&gt;
&lt;class 'str'&gt;</msg>
<arg>${response.status_code}</arg>
<arg>200</arg>
<doc>Fails if objects are unequal after converting them to integers.</doc>
<status status="PASS" start="2026-06-23T01:33:24.446101" elapsed="0.000000"/>
</kw>
<kw name="Set Variable" owner="BuiltIn">
<msg time="2026-06-23T01:33:24.446101" level="INFO">${body} = [{'id': 13344, 'customerId': 12212, 'type': 'CHECKING', 'balance': -49999995796.07}, {'id': 13455, 'customerId': 12212, 'type': 'SAVINGS', 'balance': -400.0}, {'id': 13566, 'customerId': 12212, 'type'...</msg>
<var>${body}</var>
<arg>${response.json()}</arg>
<doc>Returns the given values which can then be assigned to a variables.</doc>
<status status="PASS" start="2026-06-23T01:33:24.446101" elapsed="0.000000"/>
</kw>
<kw name="Should Not Be Empty" owner="BuiltIn">
<msg time="2026-06-23T01:33:24.446101" level="INFO">Length is 5.</msg>
<arg>${body}</arg>
<doc>Verifies that the given item is not empty.</doc>
<status status="PASS" start="2026-06-23T01:33:24.446101" elapsed="0.000000"/>
</kw>
<kw name="Should Contain" owner="BuiltIn">
<arg>${response.text}</arg>
<arg>${ACCOUNT_ID}</arg>
<doc>Fails if ``container`` does not contain ``item`` one or more times.</doc>
<status status="PASS" start="2026-06-23T01:33:24.446101" elapsed="0.000000"/>
</kw>
<kw name="Log To Console" owner="BuiltIn">
<arg>${body}</arg>
<doc>Logs the given message to the console.</doc>
<status status="PASS" start="2026-06-23T01:33:24.446101" elapsed="0.000000"/>
</kw>
<kw name="Log To Console" owner="BuiltIn">
<arg>${response.status_code}</arg>
<doc>Logs the given message to the console.</doc>
<status status="PASS" start="2026-06-23T01:33:24.446101" elapsed="0.000000"/>
</kw>
<doc>Verify Account Exists in API Response</doc>
<tag>api</tag>
<status status="PASS" start="2026-06-23T01:33:23.058387" elapsed="1.387714"/>
</test>
<status status="PASS" start="2026-06-23T01:33:22.631176" elapsed="1.814925"/>
</suite>
<suite id="s1-s1-s3" name="TC API 03" source="C:\Users\GEET SHRIMALI\OneDrive\Desktop\final_sprint\tests\api\TC_API_03.robot">
<kw name="Create Session To API" owner="api_keywords" type="SETUP">
<kw name="Create Session" owner="RequestsLibrary">
<msg time="2026-06-23T01:33:25.116245" level="INFO">Creating Session using : alias=parabank, url=https://parabank.parasoft.com/parabank/services/bank, headers={},                     cookies={}, auth=None, timeout=None, proxies=None, verify=False,                     debug=0 </msg>
<arg>parabank</arg>
<arg>${API_BASE_URL}</arg>
<doc>Create Session: create a HTTP session to a server</doc>
<status status="PASS" start="2026-06-23T01:33:25.116245" elapsed="0.000000"/>
</kw>
<status status="PASS" start="2026-06-23T01:33:25.116245" elapsed="0.000000"/>
</kw>
<test id="s1-s1-s3-t1" name="TC_API_03 Validate account details" line="7">
<kw name="Get Customer Accounts" owner="api_keywords">
<kw name="Create Dictionary" owner="BuiltIn">
<msg time="2026-06-23T01:33:25.116245" level="INFO">${headers} = {'Accept': 'application/json'}</msg>
<var>${headers}</var>
<arg>Accept=application/json</arg>
<doc>Creates and returns a dictionary based on the given ``items``.</doc>
<status status="PASS" start="2026-06-23T01:33:25.116245" elapsed="0.000000"/>
</kw>
<kw name="GET On Session" owner="RequestsLibrary">
<msg time="2026-06-23T01:33:26.648959" level="INFO">GET Request : url=https://parabank.parasoft.com/parabank/services/bank/customers/12212/accounts 
 path_url=/parabank/services/bank/customers/12212/accounts 
 headers={'User-Agent': 'python-requests/2.34.2', 'Accept-Encoding': 'gzip, deflate', 'Accept': 'application/json', 'Connection': 'keep-alive'} 
 body=None 
 </msg>
<msg time="2026-06-23T01:33:26.648959" level="INFO">GET Response : url=https://parabank.parasoft.com/parabank/services/bank/customers/12212/accounts 
 status=200, reason=OK 
 headers={'Date': 'Mon, 22 Jun 2026 20:03:26 GMT', 'Content-Type': 'application/json', 'Transfer-Encoding': 'chunked', 'Connection': 'keep-alive', 'Server': 'cloudflare', 'cf-cache-status': 'DYNAMIC', 'X-Content-Type-Options': 'nosniff', 'Content-Encoding': 'gzip', 'CF-RAY': 'a0fddb3829ba383a-FRA'} 
 body=[{"id":13344,"customerId":12212,"type":"CHECKING","balance":-49999995796.07},{"id":13455,"customerId":12212,"type":"SAVINGS","balance":-400.00},{"id":13566,"customerId":12212,"type":"SAVINGS","balance":50000001019.00},{"id":13788,"customerId":12212,"type":"CHECKING","balance":200.00},{"id":13899,"customerId":12212,"type":"SAVINGS","balance":0.00}] 
 </msg>
<msg time="2026-06-23T01:33:26.648959" level="INFO">C:\Users\GEET SHRIMALI\OneDrive\Desktop\final_sprint\.venv\Lib\site-packages\urllib3\connectionpool.py:1110: InsecureRequestWarning: Unverified HTTPS request is being made to host 'parabank.parasoft.com'. Adding certificate verification is strongly advised. See: https://urllib3.readthedocs.io/en/latest/advanced-usage.html#tls-warnings
  warnings.warn(</msg>
<msg time="2026-06-23T01:33:26.648959" level="INFO">${response} = &lt;Response [200]&gt;</msg>
<var>${response}</var>
<arg>parabank</arg>
<arg>/customers/${customerId}/accounts</arg>
<arg>expected_status=any</arg>
<arg>headers=${headers}</arg>
<doc>Sends a GET request on a previously created HTTP Session.</doc>
<status status="PASS" start="2026-06-23T01:33:25.116245" elapsed="1.532714"/>
</kw>
<return>
<value>${response}</value>
<status status="PASS" start="2026-06-23T01:33:26.648959" elapsed="0.000000"/>
</return>
<msg time="2026-06-23T01:33:26.648959" level="INFO">${response} = &lt;Response [200]&gt;</msg>
<var>${response}</var>
<arg>${CUSTOMER_ID}</arg>
<status status="PASS" start="2026-06-23T01:33:25.116245" elapsed="1.532714"/>
</kw>
<kw name="Should Be Equal As Integers" owner="BuiltIn">
<msg time="2026-06-23T01:33:26.648959" level="INFO">Argument types are:
&lt;class 'int'&gt;
&lt;class 'str'&gt;</msg>
<arg>${response.status_code}</arg>
<arg>200</arg>
<doc>Fails if objects are unequal after converting them to integers.</doc>
<status status="PASS" start="2026-06-23T01:33:26.648959" elapsed="0.000000"/>
</kw>
<kw name="Set Variable" owner="BuiltIn">
<msg time="2026-06-23T01:33:26.648959" level="INFO">${body} = [{'id': 13344, 'customerId': 12212, 'type': 'CHECKING', 'balance': -49999995796.07}, {'id': 13455, 'customerId': 12212, 'type': 'SAVINGS', 'balance': -400.0}, {'id': 13566, 'customerId': 12212, 'type'...</msg>
<var>${body}</var>
<arg>${response.json()}</arg>
<doc>Returns the given values which can then be assigned to a variables.</doc>
<status status="PASS" start="2026-06-23T01:33:26.648959" elapsed="0.000000"/>
</kw>
<kw name="Should Not Be Empty" owner="BuiltIn">
<msg time="2026-06-23T01:33:26.648959" level="INFO">Length is 5.</msg>
<arg>${body}</arg>
<doc>Verifies that the given item is not empty.</doc>
<status status="PASS" start="2026-06-23T01:33:26.648959" elapsed="0.000000"/>
</kw>
<kw name="Set Variable" owner="BuiltIn">
<msg time="2026-06-23T01:33:26.648959" level="INFO">${account} = {'id': 13344, 'customerId': 12212, 'type': 'CHECKING', 'balance': -49999995796.07}</msg>
<var>${account}</var>
<arg>${body[0]}</arg>
<doc>Returns the given values which can then be assigned to a variables.</doc>
<status status="PASS" start="2026-06-23T01:33:26.648959" elapsed="0.000000"/>
</kw>
<kw name="Dictionary Should Contain Key" owner="Collections">
<arg>${account}</arg>
<arg>id</arg>
<doc>Fails if ``key`` is not found from ``dictionary``.</doc>
<status status="PASS" start="2026-06-23T01:33:26.648959" elapsed="0.000000"/>
</kw>
<kw name="Dictionary Should Contain Key" owner="Collections">
<arg>${account}</arg>
<arg>customerId</arg>
<doc>Fails if ``key`` is not found from ``dictionary``.</doc>
<status status="PASS" start="2026-06-23T01:33:26.648959" elapsed="0.000000"/>
</kw>
<kw name="Dictionary Should Contain Key" owner="Collections">
<arg>${account}</arg>
<arg>balance</arg>
<doc>Fails if ``key`` is not found from ``dictionary``.</doc>
<status status="PASS" start="2026-06-23T01:33:26.648959" elapsed="0.000000"/>
</kw>
<kw name="Dictionary Should Contain Key" owner="Collections">
<arg>${account}</arg>
<arg>type</arg>
<doc>Fails if ``key`` is not found from ``dictionary``.</doc>
<status status="PASS" start="2026-06-23T01:33:26.648959" elapsed="0.000000"/>
</kw>
<kw name="Log To Console" owner="BuiltIn">
<arg>${account}</arg>
<doc>Logs the given message to the console.</doc>
<status status="PASS" start="2026-06-23T01:33:26.648959" elapsed="0.000000"/>
</kw>
<doc>Validate account details and response schema</doc>
<tag>api</tag>
<status status="PASS" start="2026-06-23T01:33:25.116245" elapsed="1.532714"/>
</test>
<status status="PASS" start="2026-06-23T01:33:24.741937" elapsed="1.907022"/>
</suite>
<suite id="s1-s1-s4" name="TC API 04" source="C:\Users\GEET SHRIMALI\OneDrive\Desktop\final_sprint\tests\api\TC_API_04.robot">
<kw name="Create Session To API" owner="api_keywords" type="SETUP">
<kw name="Create Session" owner="RequestsLibrary">
<msg time="2026-06-23T01:33:25.387033" level="INFO">Creating Session using : alias=parabank, url=https://parabank.parasoft.com/parabank/services/bank, headers={},                     cookies={}, auth=None, timeout=None, proxies=None, verify=False,                     debug=0 </msg>
<arg>parabank</arg>
<arg>${API_BASE_URL}</arg>
<doc>Create Session: create a HTTP session to a server</doc>
<status status="PASS" start="2026-06-23T01:33:25.387033" elapsed="0.000000"/>
</kw>
<status status="PASS" start="2026-06-23T01:33:25.387033" elapsed="0.000000"/>
</kw>
<test id="s1-s1-s4-t1" name="TC_API_04 Invalid Customer ID" line="7">
<kw name="Get Customer Accounts" owner="api_keywords">
<kw name="Create Dictionary" owner="BuiltIn">
<msg time="2026-06-23T01:33:25.387033" level="INFO">${headers} = {'Accept': 'application/json'}</msg>
<var>${headers}</var>
<arg>Accept=application/json</arg>
<doc>Creates and returns a dictionary based on the given ``items``.</doc>
<status status="PASS" start="2026-06-23T01:33:25.387033" elapsed="0.000000"/>
</kw>
<kw name="GET On Session" owner="RequestsLibrary">
<msg time="2026-06-23T01:33:26.273612" level="INFO">GET Request : url=https://parabank.parasoft.com/parabank/services/bank/customers/99999/accounts 
 path_url=/parabank/services/bank/customers/99999/accounts 
 headers={'User-Agent': 'python-requests/2.34.2', 'Accept-Encoding': 'gzip, deflate', 'Accept': 'application/json', 'Connection': 'keep-alive'} 
 body=None 
 </msg>
<msg time="2026-06-23T01:33:26.273612" level="INFO">GET Response : url=https://parabank.parasoft.com/parabank/services/bank/customers/99999/accounts 
 status=400, reason=Bad Request 
 headers={'Date': 'Mon, 22 Jun 2026 20:03:26 GMT', 'Content-Type': 'text/plain;charset=UTF-8', 'Content-Length': '30', 'Connection': 'keep-alive', 'Server': 'cloudflare', 'cf-cache-status': 'DYNAMIC', 'Content-Security-Policy-Report-Only': "script-src 'unsafe-inline' 'unsafe-eval'; report-uri https://csp-reporting.cloudflare.com/cdn-cgi/script_monitor/report?m=dHMIs6gzyzVji7fJ5ALxljT7EnhaCho8z5Ov._MhGhk-1782158606.07632-1.0.1.1-HOPr8KT1xI4wMJ302d_1I0J0.B3p8MR_B0CZS.mlEGysasULPUJdh7W2zXPmz5FwOt8Q_BopwYju5GlWY_C_x4239ozYeO9wjvGE6vQ3ewpE_h0rPADauPK4mD43LFxOZ7ozIkCuazwudDH7SYM4.oWXpC1O3wGV_tx7t8NQ70geGqSL0xafpRILQGQxrBPD; report-to cf-csp-endpoint", 'X-Content-Type-Options': 'nosniff', 'Report-To': '{"group":"cf-csp-endpoint","max_age":86400,"endpoints":[{"url":"https://csp-reporting.cloudflare.com/cdn-cgi/script_monitor/report?m=dHMIs6gzyzVji7fJ5ALxljT7EnhaCho8z5Ov._MhGhk-1782158606.07632-1.0.1.1-HOPr8KT1xI4wMJ302d_1I0J0.B3p8MR_B0CZS.mlEGysasULPUJdh7W2zXPmz5FwOt8Q_BopwYju5GlWY_C_x4239ozYeO9wjvGE6vQ3ewpE_h0rPADauPK4mD43LFxOZ7ozIkCuazwudDH7SYM4.oWXpC1O3wGV_tx7t8NQ70geGqSL0xafpRILQGQxrBPD"}]}', 'CF-RAY': 'a0fddb37fefed9d6-FRA'} 
 body=Could not find customer #99999 
 </msg>
<msg time="2026-06-23T01:33:26.273612" level="INFO">C:\Users\GEET SHRIMALI\OneDrive\Desktop\final_sprint\.venv\Lib\site-packages\urllib3\connectionpool.py:1110: InsecureRequestWarning: Unverified HTTPS request is being made to host 'parabank.parasoft.com'. Adding certificate verification is strongly advised. See: https://urllib3.readthedocs.io/en/latest/advanced-usage.html#tls-warnings
  warnings.warn(</msg>
<msg time="2026-06-23T01:33:26.273612" level="INFO">${response} = &lt;Response [400]&gt;</msg>
<var>${response}</var>
<arg>parabank</arg>
<arg>/customers/${customerId}/accounts</arg>
<arg>expected_status=any</arg>
<arg>headers=${headers}</arg>
<doc>Sends a GET request on a previously created HTTP Session.</doc>
<status status="PASS" start="2026-06-23T01:33:25.387033" elapsed="0.886579"/>
</kw>
<return>
<value>${response}</value>
<status status="PASS" start="2026-06-23T01:33:26.273612" elapsed="0.000000"/>
</return>
<msg time="2026-06-23T01:33:26.273612" level="INFO">${response} = &lt;Response [400]&gt;</msg>
<var>${response}</var>
<arg>${INVALID_ID}</arg>
<status status="PASS" start="2026-06-23T01:33:25.387033" elapsed="0.886579"/>
</kw>
<kw name="Should Be Equal As Integers" owner="BuiltIn">
<msg time="2026-06-23T01:33:26.275574" level="INFO">Argument types are:
&lt;class 'int'&gt;
&lt;class 'str'&gt;</msg>
<arg>${response.status_code}</arg>
<arg>400</arg>
<doc>Fails if objects are unequal after converting them to integers.</doc>
<status status="PASS" start="2026-06-23T01:33:26.273612" elapsed="0.001962"/>
</kw>
<kw name="Log To Console" owner="BuiltIn">
<arg>${response.text}</arg>
<doc>Logs the given message to the console.</doc>
<status status="PASS" start="2026-06-23T01:33:26.275574" elapsed="0.000000"/>
</kw>
<kw name="Log To Console" owner="BuiltIn">
<arg>${response.status_code}</arg>
<doc>Logs the given message to the console.</doc>
<status status="PASS" start="2026-06-23T01:33:26.275574" elapsed="0.000000"/>
</kw>
<doc>Verify API response for invalid customer ID</doc>
<tag>api negative</tag>
<status status="PASS" start="2026-06-23T01:33:25.387033" elapsed="0.888541"/>
</test>
<status status="PASS" start="2026-06-23T01:33:25.052046" elapsed="1.223528"/>
</suite>
<suite id="s1-s1-s5" name="TC API 05" source="C:\Users\GEET SHRIMALI\OneDrive\Desktop\final_sprint\tests\api\TC_API_05.robot">
<kw name="Create Session To API" owner="api_keywords" type="SETUP">
<kw name="Create Session" owner="RequestsLibrary">
<msg time="2026-06-23T01:33:27.230452" level="INFO">Creating Session using : alias=parabank, url=https://parabank.parasoft.com/parabank/services/bank, headers={},                     cookies={}, auth=None, timeout=None, proxies=None, verify=False,                     debug=0 </msg>
<arg>parabank</arg>
<arg>${API_BASE_URL}</arg>
<doc>Create Session: create a HTTP session to a server</doc>
<status status="PASS" start="2026-06-23T01:33:27.230452" elapsed="0.000000"/>
</kw>
<status status="PASS" start="2026-06-23T01:33:27.230452" elapsed="0.000000"/>
</kw>
<test id="s1-s1-s5-t1" name="TC_API_05 Invalid Account ID" line="7">
<kw name="Get Account Details" owner="api_keywords">
<kw name="Create Dictionary" owner="BuiltIn">
<msg time="2026-06-23T01:33:27.230452" level="INFO">${headers} = {'Accept': 'application/json'}</msg>
<var>${headers}</var>
<arg>Accept=application/json</arg>
<doc>Creates and returns a dictionary based on the given ``items``.</doc>
<status status="PASS" start="2026-06-23T01:33:27.230452" elapsed="0.000000"/>
</kw>
<kw name="GET On Session" owner="RequestsLibrary">
<msg time="2026-06-23T01:33:28.127338" level="INFO">GET Request : url=https://parabank.parasoft.com/parabank/services/bank/accounts/99999 
 path_url=/parabank/services/bank/accounts/99999 
 headers={'User-Agent': 'python-requests/2.34.2', 'Accept-Encoding': 'gzip, deflate', 'Accept': 'application/json', 'Connection': 'keep-alive'} 
 body=None 
 </msg>
<msg time="2026-06-23T01:33:28.127338" level="INFO">GET Response : url=https://parabank.parasoft.com/parabank/services/bank/accounts/99999 
 status=400, reason=Bad Request 
 headers={'Date': 'Mon, 22 Jun 2026 20:03:27 GMT', 'Content-Type': 'text/plain;charset=UTF-8', 'Content-Length': '29', 'Connection': 'keep-alive', 'Server': 'cloudflare', 'cf-cache-status': 'DYNAMIC', 'X-Content-Type-Options': 'nosniff', 'CF-RAY': 'a0fddb42eda71981-FRA'} 
 body=Could not find account #99999 
 </msg>
<msg time="2026-06-23T01:33:28.127338" level="INFO">C:\Users\GEET SHRIMALI\OneDrive\Desktop\final_sprint\.venv\Lib\site-packages\urllib3\connectionpool.py:1110: InsecureRequestWarning: Unverified HTTPS request is being made to host 'parabank.parasoft.com'. Adding certificate verification is strongly advised. See: https://urllib3.readthedocs.io/en/latest/advanced-usage.html#tls-warnings
  warnings.warn(</msg>
<msg time="2026-06-23T01:33:28.127338" level="INFO">${response} = &lt;Response [400]&gt;</msg>
<var>${response}</var>
<arg>parabank</arg>
<arg>/accounts/${accountId}</arg>
<arg>expected_status=any</arg>
<arg>headers=${headers}</arg>
<doc>Sends a GET request on a previously created HTTP Session.</doc>
<status status="PASS" start="2026-06-23T01:33:27.230452" elapsed="0.896886"/>
</kw>
<return>
<value>${response}</value>
<status status="PASS" start="2026-06-23T01:33:28.127338" elapsed="0.000000"/>
</return>
<msg time="2026-06-23T01:33:28.127338" level="INFO">${response} = &lt;Response [400]&gt;</msg>
<var>${response}</var>
<arg>${INVALID_ID}</arg>
<status status="PASS" start="2026-06-23T01:33:27.230452" elapsed="0.896886"/>
</kw>
<kw name="Should Be Equal As Integers" owner="BuiltIn">
<msg time="2026-06-23T01:33:28.133157" level="INFO">Argument types are:
&lt;class 'int'&gt;
&lt;class 'str'&gt;</msg>
<arg>${response.status_code}</arg>
<arg>400</arg>
<doc>Fails if objects are unequal after converting them to integers.</doc>
<status status="PASS" start="2026-06-23T01:33:28.127338" elapsed="0.005819"/>
</kw>
<kw name="Log To Console" owner="BuiltIn">
<arg>${response.text}</arg>
<doc>Logs the given message to the console.</doc>
<status status="PASS" start="2026-06-23T01:33:28.133157" elapsed="0.000000"/>
</kw>
<kw name="Log To Console" owner="BuiltIn">
<arg>${response.status_code}</arg>
<doc>Logs the given message to the console.</doc>
<status status="PASS" start="2026-06-23T01:33:28.133157" elapsed="0.000000"/>
</kw>
<doc>Verify API response for invalid account ID</doc>
<tag>api negative</tag>
<status status="PASS" start="2026-06-23T01:33:27.230452" elapsed="0.902705"/>
</test>
<status status="PASS" start="2026-06-23T01:33:26.870283" elapsed="1.262874"/>
</suite>
<status status="PASS" start="2026-06-23T01:33:22.631000" elapsed="5.502000"/>
</suite>
<suite id="s1-s2" name="E2E" source="C:\Users\GEET SHRIMALI\OneDrive\Desktop\final_sprint\tests\e2e">
<suite id="s1-s2-s1" name="TC E2E 03" source="C:\Users\GEET SHRIMALI\OneDrive\Desktop\final_sprint\tests\e2e\TC_E2E_03.robot">
<kw name="Setup E2E" owner="common_resources" type="SETUP">
<kw name="Load Environment" owner="common_resources">
<kw name="Load Env" owner="env_loader">
<arg>${ENV}</arg>
<status status="PASS" start="2026-06-23T01:33:27.608458" elapsed="0.000000"/>
</kw>
<kw name="Get Env" owner="env_loader">
<msg time="2026-06-23T01:33:27.608458" level="INFO">${url} = https://parabank.parasoft.com</msg>
<var>${url}</var>
<arg>baseurl</arg>
<status status="PASS" start="2026-06-23T01:33:27.608458" elapsed="0.000000"/>
</kw>
<kw name="Get Env" owner="env_loader">
<msg time="2026-06-23T01:33:27.608458" level="INFO">${id} = john</msg>
<var>${id}</var>
<arg>user_id</arg>
<status status="PASS" start="2026-06-23T01:33:27.608458" elapsed="0.000000"/>
</kw>
<kw name="Get Env" owner="env_loader">
<msg time="2026-06-23T01:33:27.608458" level="INFO">${pwd} = demo</msg>
<var>${pwd}</var>
<arg>user_password</arg>
<status status="PASS" start="2026-06-23T01:33:27.608458" elapsed="0.000000"/>
</kw>
<kw name="Set Global Variable" owner="BuiltIn">
<msg time="2026-06-23T01:33:27.608458" level="INFO">${BASE_URL} = https://parabank.parasoft.com</msg>
<arg>${BASE_URL}</arg>
<arg>${url}</arg>
<doc>Makes a variable available globally in all tests and suites.</doc>
<status status="PASS" start="2026-06-23T01:33:27.608458" elapsed="0.000000"/>
</kw>
<kw name="Set Global Variable" owner="BuiltIn">
<msg time="2026-06-23T01:33:27.608458" level="INFO">${USER_ID} = john</msg>
<arg>${USER_ID}</arg>
<arg>${id}</arg>
<doc>Makes a variable available globally in all tests and suites.</doc>
<status status="PASS" start="2026-06-23T01:33:27.608458" elapsed="0.000000"/>
</kw>
<kw name="Set Global Variable" owner="BuiltIn">
<msg time="2026-06-23T01:33:27.616891" level="INFO">${USER_PWD} = demo</msg>
<arg>${USER_PWD}</arg>
<arg>${pwd}</arg>
<doc>Makes a variable available globally in all tests and suites.</doc>
<status status="PASS" start="2026-06-23T01:33:27.608458" elapsed="0.008433"/>
</kw>
<status status="PASS" start="2026-06-23T01:33:27.608458" elapsed="0.008433"/>
</kw>
<kw name="Create Session To API" owner="api_keywords">
<kw name="Create Session" owner="RequestsLibrary">
<msg time="2026-06-23T01:33:27.616891" level="INFO">Creating Session using : alias=parabank, url=https://parabank.parasoft.com/parabank/services/bank, headers={},                     cookies={}, auth=None, timeout=None, proxies=None, verify=False,                     debug=0 </msg>
<arg>parabank</arg>
<arg>${API_BASE_URL}</arg>
<doc>Create Session: create a HTTP session to a server</doc>
<status status="PASS" start="2026-06-23T01:33:27.616891" elapsed="0.000000"/>
</kw>
<status status="PASS" start="2026-06-23T01:33:27.616891" elapsed="0.000000"/>
</kw>
<status status="PASS" start="2026-06-23T01:33:27.608458" elapsed="0.008433"/>
</kw>
<test id="s1-s2-s1-t1" name="TC_E2E_03 Transfer Funds And Validate Via API" line="13">
<kw name="open app" owner="common_resources" type="SETUP">
<kw name="Open Browser" owner="SeleniumLibrary">
<msg time="2026-06-23T01:33:27.616891" level="INFO">Opening browser 'chrome' to base url 'https://parabank.parasoft.com'.</msg>
<arg>${BASE_URL}</arg>
<arg>${BROWSER}</arg>
<doc>Opens a new browser instance to the optional ``url``.</doc>
<status status="PASS" start="2026-06-23T01:33:27.616891" elapsed="5.470951"/>
</kw>
<kw name="Maximize Browser Window" owner="SeleniumLibrary">
<doc>Maximizes current browser window.</doc>
<status status="PASS" start="2026-06-23T01:33:33.087842" elapsed="0.049352"/>
</kw>
<doc>opens the application</doc>
<status status="PASS" start="2026-06-23T01:33:27.616891" elapsed="5.520303"/>
</kw>
<kw name="login" owner="home_pg">
<kw name="Wait Until Element Is Visible" owner="SeleniumLibrary">
<arg>${usr_fld}</arg>
<doc>Waits until the element ``locator`` is visible.</doc>
<status status="PASS" start="2026-06-23T01:33:33.139205" elapsed="0.082059"/>
</kw>
<kw name="Input Text" owner="SeleniumLibrary">
<msg time="2026-06-23T01:33:33.226102" level="INFO">Typing text 'john' into text field 'css=input[name=username]'.</msg>
<arg>${usr_fld}</arg>
<arg>${id}</arg>
<doc>Types the given ``text`` into the text field identified by ``locator``.</doc>
<status status="PASS" start="2026-06-23T01:33:33.221264" elapsed="0.194718"/>
</kw>
<kw name="Log" owner="BuiltIn">
<msg time="2026-06-23T01:33:33.417589" level="INFO">entering id</msg>
<arg>entering id</arg>
<doc>Logs the given message with the given level.</doc>
<status status="PASS" start="2026-06-23T01:33:33.417589" elapsed="0.000000"/>
</kw>
<kw name="Input Text" owner="SeleniumLibrary">
<msg time="2026-06-23T01:33:33.419217" level="INFO">Typing text 'demo' into text field 'css=input[name=password]'.</msg>
<arg>${pass_fld}</arg>
<arg>${pwd}</arg>
<doc>Types the given ``text`` into the text field identified by ``locator``.</doc>
<status status="PASS" start="2026-06-23T01:33:33.417589" elapsed="0.105873"/>
</kw>
<kw name="Log" owner="BuiltIn">
<msg time="2026-06-23T01:33:33.523462" level="INFO">entering password</msg>
<arg>entering password</arg>
<doc>Logs the given message with the given level.</doc>
<status status="PASS" start="2026-06-23T01:33:33.523462" elapsed="0.000000"/>
</kw>
<kw name="Click Element" owner="SeleniumLibrary">
<msg time="2026-06-23T01:33:33.523462" level="INFO">Clicking element 'css=input.button'.</msg>
<arg>${login}</arg>
<doc>Click the element identified by ``locator``.</doc>
<status status="PASS" start="2026-06-23T01:33:33.523462" elapsed="1.694905"/>
</kw>
<kw name="Log" owner="BuiltIn">
<msg time="2026-06-23T01:33:35.219620" level="INFO">login</msg>
<arg>login</arg>
<doc>Logs the given message with the given level.</doc>
<status status="PASS" start="2026-06-23T01:33:35.219155" elapsed="0.000465"/>
</kw>
<arg>${USER_ID}</arg>
<arg>${USER_PWD}</arg>
<status status="PASS" start="2026-06-23T01:33:33.137194" elapsed="2.082426"/>
</kw>
<kw name="Create Account" owner="open_account">
<kw name="Click Element" owner="SeleniumLibrary">
<msg time="2026-06-23T01:33:35.219977" level="INFO">Clicking element 'css=a[href="openaccount.htm"]'.</msg>
<arg>${Open_Account}</arg>
<doc>Click the element identified by ``locator``.</doc>
<status status="PASS" start="2026-06-23T01:33:35.219977" elapsed="0.730211"/>
</kw>
<kw name="Wait Until Element Is Visible" owner="SeleniumLibrary">
<arg>${Account_Type}</arg>
<arg>10s</arg>
<doc>Waits until the element ``locator`` is visible.</doc>
<status status="PASS" start="2026-06-23T01:33:35.950188" elapsed="0.019394"/>
</kw>
<kw name="Select From List By Label" owner="SeleniumLibrary">
<msg time="2026-06-23T01:33:35.969582" level="INFO">Selecting options from selection list 'xpath=//select[@id="type"]' by label SAVINGS.</msg>
<arg>${Account_Type}</arg>
<arg>${acc_type}</arg>
<doc>Selects options from selection list ``locator`` by ``labels``.</doc>
<status status="PASS" start="2026-06-23T01:33:35.969582" elapsed="0.158974"/>
</kw>
<kw name="Wait Until Element Contains" owner="SeleniumLibrary">
<arg>${From_Account}</arg>
<arg>13344</arg>
<doc>Waits until the element ``locator`` contains ``text``.</doc>
<status status="PASS" start="2026-06-23T01:33:36.128556" elapsed="0.323610"/>
</kw>
<kw name="Wait Until Element Is Enabled" owner="SeleniumLibrary">
<arg>${Open_New_account}</arg>
<arg>5s</arg>
<doc>Waits until the element ``locator`` is enabled.</doc>
<status status="PASS" start="2026-06-23T01:33:36.452166" elapsed="0.051629"/>
</kw>
<kw name="Click Element" owner="SeleniumLibrary">
<msg time="2026-06-23T01:33:36.503795" level="INFO">Clicking element 'css=input.button'.</msg>
<arg>${Open_New_account}</arg>
<doc>Click the element identified by ``locator``.</doc>
<status status="PASS" start="2026-06-23T01:33:36.503795" elapsed="0.106562"/>
</kw>
<kw name="Wait Until Page Contains" owner="SeleniumLibrary">
<arg>Congratulations, your account is now open.</arg>
<doc>Waits until ``text`` appears on the current page.</doc>
<status status="PASS" start="2026-06-23T01:33:36.610357" elapsed="0.008477"/>
</kw>
<kw name="Wait Until Element Is Visible" owner="SeleniumLibrary">
<arg>${New_Account_ID_LOC}</arg>
<arg>5s</arg>
<doc>Waits until the element ``locator`` is visible.</doc>
<status status="PASS" start="2026-06-23T01:33:36.618834" elapsed="0.860800"/>
</kw>
<kw name="Get Text" owner="SeleniumLibrary">
<msg time="2026-06-23T01:33:37.482802" level="INFO">${accountId} = 14121</msg>
<var>${accountId}</var>
<arg>${New_Account_ID_LOC}</arg>
<doc>Returns the text value of the element identified by ``locator``.</doc>
<status status="PASS" start="2026-06-23T01:33:37.479634" elapsed="0.003168"/>
</kw>
<kw name="Set Suite Variable" owner="BuiltIn">
<msg time="2026-06-23T01:33:37.482802" level="INFO">${NEW_ACCOUNT_ID} = 14121</msg>
<arg>${NEW_ACCOUNT_ID}</arg>
<arg>${accountId}</arg>
<doc>Makes a variable available everywhere within the scope of the current suite.</doc>
<status status="PASS" start="2026-06-23T01:33:37.482802" elapsed="0.000000"/>
</kw>
<kw name="Log To Console" owner="BuiltIn">
<arg>Created Account: ${accountId}</arg>
<doc>Logs the given message to the console.</doc>
<status status="PASS" start="2026-06-23T01:33:37.482802" elapsed="0.000000"/>
</kw>
<return>
<value>${accountId}</value>
<status status="PASS" start="2026-06-23T01:33:37.482802" elapsed="0.000000"/>
</return>
<msg time="2026-06-23T01:33:37.482802" level="INFO">${dest_account} = 14121</msg>
<var>${dest_account}</var>
<arg>SAVINGS</arg>
<status status="PASS" start="2026-06-23T01:33:35.219977" elapsed="2.262825"/>
</kw>
<kw name="Page Should Contain" owner="SeleniumLibrary">
<msg time="2026-06-23T01:33:37.498848" level="INFO">Current page contains text 'Congratulations, your account is now open.'.</msg>
<arg>Congratulations, your account is now open.</arg>
<doc>Verifies that current page contains ``text``.</doc>
<status status="PASS" start="2026-06-23T01:33:37.482802" elapsed="0.016046"/>
</kw>
<kw name="Get Account Details" owner="api_keywords">
<kw name="Create Dictionary" owner="BuiltIn">
<msg time="2026-06-23T01:33:37.498848" level="INFO">${headers} = {'Accept': 'application/json'}</msg>
<var>${headers}</var>
<arg>Accept=application/json</arg>
<doc>Creates and returns a dictionary based on the given ``items``.</doc>
<status status="PASS" start="2026-06-23T01:33:37.498848" elapsed="0.000000"/>
</kw>
<kw name="GET On Session" owner="RequestsLibrary">
<msg time="2026-06-23T01:33:38.782024" level="INFO">GET Request : url=https://parabank.parasoft.com/parabank/services/bank/accounts/13344 
 path_url=/parabank/services/bank/accounts/13344 
 headers={'User-Agent': 'python-requests/2.34.2', 'Accept-Encoding': 'gzip, deflate', 'Accept': 'application/json', 'Connection': 'keep-alive'} 
 body=None 
 </msg>
<msg time="2026-06-23T01:33:38.782024" level="INFO">GET Response : url=https://parabank.parasoft.com/parabank/services/bank/accounts/13344 
 status=200, reason=OK 
 headers={'Date': 'Mon, 22 Jun 2026 20:03:38 GMT', 'Content-Type': 'application/json', 'Transfer-Encoding': 'chunked', 'Connection': 'keep-alive', 'Server': 'cloudflare', 'cf-cache-status': 'DYNAMIC', 'X-Content-Type-Options': 'nosniff', 'Content-Encoding': 'gzip', 'CF-RAY': 'a0fddb83cac3f4e5-FRA'} 
 body={"id":13344,"customerId":12212,"type":"CHECKING","balance":-49999996001.07} 
 </msg>
<msg time="2026-06-23T01:33:38.782024" level="INFO">C:\Users\GEET SHRIMALI\OneDrive\Desktop\final_sprint\.venv\Lib\site-packages\urllib3\connectionpool.py:1110: InsecureRequestWarning: Unverified HTTPS request is being made to host 'parabank.parasoft.com'. Adding certificate verification is strongly advised. See: https://urllib3.readthedocs.io/en/latest/advanced-usage.html#tls-warnings
  warnings.warn(</msg>
<msg time="2026-06-23T01:33:38.782024" level="INFO">${response} = &lt;Response [200]&gt;</msg>
<var>${response}</var>
<arg>parabank</arg>
<arg>/accounts/${accountId}</arg>
<arg>expected_status=any</arg>
<arg>headers=${headers}</arg>
<doc>Sends a GET request on a previously created HTTP Session.</doc>
<status status="PASS" start="2026-06-23T01:33:37.498848" elapsed="1.283176"/>
</kw>
<return>
<value>${response}</value>
<status status="PASS" start="2026-06-23T01:33:38.782024" elapsed="0.000000"/>
</return>
<msg time="2026-06-23T01:33:38.782024" level="INFO">${from_before} = &lt;Response [200]&gt;</msg>
<var>${from_before}</var>
<arg>${ACCOUNT_ID}</arg>
<status status="PASS" start="2026-06-23T01:33:37.498848" elapsed="1.283176"/>
</kw>
<kw name="Get Account Details" owner="api_keywords">
<kw name="Create Dictionary" owner="BuiltIn">
<msg time="2026-06-23T01:33:38.782024" level="INFO">${headers} = {'Accept': 'application/json'}</msg>
<var>${headers}</var>
<arg>Accept=application/json</arg>
<doc>Creates and returns a dictionary based on the given ``items``.</doc>
<status status="PASS" start="2026-06-23T01:33:38.782024" elapsed="0.000000"/>
</kw>
<kw name="GET On Session" owner="RequestsLibrary">
<msg time="2026-06-23T01:33:39.330702" level="INFO">GET Request : url=https://parabank.parasoft.com/parabank/services/bank/accounts/14121 
 path_url=/parabank/services/bank/accounts/14121 
 headers={'User-Agent': 'python-requests/2.34.2', 'Accept-Encoding': 'gzip, deflate', 'Accept': 'application/json', 'Connection': 'keep-alive'} 
 body=None 
 </msg>
<msg time="2026-06-23T01:33:39.330702" level="INFO">GET Response : url=https://parabank.parasoft.com/parabank/services/bank/accounts/14121 
 status=200, reason=OK 
 headers={'Date': 'Mon, 22 Jun 2026 20:03:39 GMT', 'Content-Type': 'application/json', 'Transfer-Encoding': 'chunked', 'Connection': 'keep-alive', 'Server': 'cloudflare', 'cf-cache-status': 'DYNAMIC', 'X-Content-Type-Options': 'nosniff', 'Content-Encoding': 'gzip', 'CF-RAY': 'a0fddb886b27f4e5-FRA'} 
 body={"id":14121,"customerId":12212,"type":"SAVINGS","balance":100.00} 
 </msg>
<msg time="2026-06-23T01:33:39.330702" level="INFO">C:\Users\GEET SHRIMALI\OneDrive\Desktop\final_sprint\.venv\Lib\site-packages\urllib3\connectionpool.py:1110: InsecureRequestWarning: Unverified HTTPS request is being made to host 'parabank.parasoft.com'. Adding certificate verification is strongly advised. See: https://urllib3.readthedocs.io/en/latest/advanced-usage.html#tls-warnings
  warnings.warn(</msg>
<msg time="2026-06-23T01:33:39.330702" level="INFO">${response} = &lt;Response [200]&gt;</msg>
<var>${response}</var>
<arg>parabank</arg>
<arg>/accounts/${accountId}</arg>
<arg>expected_status=any</arg>
<arg>headers=${headers}</arg>
<doc>Sends a GET request on a previously created HTTP Session.</doc>
<status status="PASS" start="2026-06-23T01:33:38.787731" elapsed="0.542971"/>
</kw>
<return>
<value>${response}</value>
<status status="PASS" start="2026-06-23T01:33:39.330702" elapsed="0.000000"/>
</return>
<msg time="2026-06-23T01:33:39.332707" level="INFO">${to_before} = &lt;Response [200]&gt;</msg>
<var>${to_before}</var>
<arg>${dest_account}</arg>
<status status="PASS" start="2026-06-23T01:33:38.782024" elapsed="0.550683"/>
</kw>
<kw name="Set Variable" owner="BuiltIn">
<msg time="2026-06-23T01:33:39.332707" level="INFO">${balance_before_from} = -49999996001.07</msg>
<var>${balance_before_from}</var>
<arg>${from_before.json()['balance']}</arg>
<doc>Returns the given values which can then be assigned to a variables.</doc>
<status status="PASS" start="2026-06-23T01:33:39.332707" elapsed="0.000000"/>
</kw>
<kw name="Set Variable" owner="BuiltIn">
<msg time="2026-06-23T01:33:39.334713" level="INFO">${balance_before_to} = 100.0</msg>
<var>${balance_before_to}</var>
<arg>${to_before.json()['balance']}</arg>
<doc>Returns the given values which can then be assigned to a variables.</doc>
<status status="PASS" start="2026-06-23T01:33:39.332707" elapsed="0.002006"/>
</kw>
<kw name="Transfer Funds A" owner="transfer_funds">
<kw name="Click Element" owner="SeleniumLibrary">
<msg time="2026-06-23T01:33:39.334713" level="INFO">Clicking element 'css=a[href="transfer.htm"]'.</msg>
<arg>${Transfer_Funds}</arg>
<doc>Click the element identified by ``locator``.</doc>
<status status="PASS" start="2026-06-23T01:33:39.334713" elapsed="0.493701"/>
</kw>
<kw name="Log" owner="BuiltIn">
<msg time="2026-06-23T01:33:39.828414" level="INFO">clicked transfer funds</msg>
<arg>clicked transfer funds</arg>
<doc>Logs the given message with the given level.</doc>
<status status="PASS" start="2026-06-23T01:33:39.828414" elapsed="0.000000"/>
</kw>
<kw name="Wait Until Element Is Visible" owner="SeleniumLibrary">
<arg>${Funds_Amount}</arg>
<arg>5s</arg>
<doc>Waits until the element ``locator`` is visible.</doc>
<status status="PASS" start="2026-06-23T01:33:39.828414" elapsed="0.017118"/>
</kw>
<kw name="Input Text" owner="SeleniumLibrary">
<msg time="2026-06-23T01:33:39.845532" level="INFO">Typing text '100' into text field 'xpath=//input[@id='amount']'.</msg>
<arg>${Funds_Amount}</arg>
<arg>${amount}</arg>
<doc>Types the given ``text`` into the text field identified by ``locator``.</doc>
<status status="PASS" start="2026-06-23T01:33:39.845532" elapsed="0.197910"/>
</kw>
<kw name="Wait Until Element Contains" owner="SeleniumLibrary">
<arg>${From_Account}</arg>
<arg>${from_acc}</arg>
<doc>Waits until the element ``locator`` contains ``text``.</doc>
<status status="PASS" start="2026-06-23T01:33:40.043442" elapsed="0.460618"/>
</kw>
<kw name="Select From List By Value" owner="SeleniumLibrary">
<msg time="2026-06-23T01:33:40.506067" level="INFO">Selecting options from selection list 'xpath=//select[@id='fromAccountId']' by value 13344.</msg>
<arg>${From_Account}</arg>
<arg>${from_acc}</arg>
<doc>Selects options from selection list ``locator`` by ``values``.</doc>
<status status="PASS" start="2026-06-23T01:33:40.506067" elapsed="0.032572"/>
</kw>
<kw name="Select From List By Value" owner="SeleniumLibrary">
<msg time="2026-06-23T01:33:40.538639" level="INFO">Selecting options from selection list 'xpath=//select[@id='toAccountId']' by value 14121.</msg>
<arg>${To_Account}</arg>
<arg>${to_acc}</arg>
<doc>Selects options from selection list ``locator`` by ``values``.</doc>
<status status="PASS" start="2026-06-23T01:33:40.538639" elapsed="0.058614"/>
</kw>
<kw name="Get Selected List Value" owner="SeleniumLibrary">
<msg time="2026-06-23T01:33:40.635770" level="INFO">${from} = 13344</msg>
<var>${from}</var>
<arg>${From_Account}</arg>
<doc>Returns the value of selected option from selection list ``locator``.</doc>
<status status="PASS" start="2026-06-23T01:33:40.597253" elapsed="0.038517"/>
</kw>
<kw name="Get Selected List Value" owner="SeleniumLibrary">
<msg time="2026-06-23T01:33:40.707468" level="INFO">${to} = 14121</msg>
<var>${to}</var>
<arg>${To_Account}</arg>
<doc>Returns the value of selected option from selection list ``locator``.</doc>
<status status="PASS" start="2026-06-23T01:33:40.635770" elapsed="0.071698"/>
</kw>
<kw name="Set Suite Variable" owner="BuiltIn">
<msg time="2026-06-23T01:33:40.708468" level="INFO">${TRANSFER_AMOUNT} = 100</msg>
<arg>${TRANSFER_AMOUNT}</arg>
<arg>${amount}</arg>
<doc>Makes a variable available everywhere within the scope of the current suite.</doc>
<status status="PASS" start="2026-06-23T01:33:40.707468" elapsed="0.001000"/>
</kw>
<kw name="Set Suite Variable" owner="BuiltIn">
<msg time="2026-06-23T01:33:40.710609" level="INFO">${FROM_ACNT} = 13344</msg>
<arg>${FROM_ACNT}</arg>
<arg>${from}</arg>
<doc>Makes a variable available everywhere within the scope of the current suite.</doc>
<status status="PASS" start="2026-06-23T01:33:40.709595" elapsed="0.001014"/>
</kw>
<kw name="Set Suite Variable" owner="BuiltIn">
<msg time="2026-06-23T01:33:40.711609" level="INFO">${TO_ACNT} = 14121</msg>
<arg>${TO_ACNT}</arg>
<arg>${to}</arg>
<doc>Makes a variable available everywhere within the scope of the current suite.</doc>
<status status="PASS" start="2026-06-23T01:33:40.710609" elapsed="0.001000"/>
</kw>
<kw name="Wait Until Element Is Enabled" owner="SeleniumLibrary">
<arg>${Transfer_Button}</arg>
<doc>Waits until the element ``locator`` is enabled.</doc>
<status status="PASS" start="2026-06-23T01:33:40.711609" elapsed="0.003010"/>
</kw>
<kw name="Click Element" owner="SeleniumLibrary">
<msg time="2026-06-23T01:33:40.714619" level="INFO">Clicking element 'css=input.button'.</msg>
<arg>${Transfer_Button}</arg>
<doc>Click the element identified by ``locator``.</doc>
<status status="PASS" start="2026-06-23T01:33:40.714619" elapsed="0.052566"/>
</kw>
<kw name="Wait Until Page Contains" owner="SeleniumLibrary">
<arg>Transfer Complete!</arg>
<doc>Waits until ``text`` appears on the current page.</doc>
<status status="PASS" start="2026-06-23T01:33:40.767185" elapsed="0.007997"/>
</kw>
<kw name="Log" owner="BuiltIn">
<msg time="2026-06-23T01:33:40.775182" level="INFO">Funds transferred</msg>
<arg>Funds transferred</arg>
<doc>Logs the given message with the given level.</doc>
<status status="PASS" start="2026-06-23T01:33:40.775182" elapsed="0.000000"/>
</kw>
<arg>${ACCOUNT_ID}</arg>
<arg>${dest_account}</arg>
<arg>100</arg>
<status status="PASS" start="2026-06-23T01:33:39.334713" elapsed="1.440469"/>
</kw>
<kw name="Wait Until Keyword Succeeds" owner="BuiltIn">
<kw name="Validate Transfer Via API" owner="api_keywords">
<kw name="Get Account Details" owner="api_keywords">
<kw name="Create Dictionary" owner="BuiltIn">
<msg time="2026-06-23T01:33:40.777182" level="INFO">${headers} = {'Accept': 'application/json'}</msg>
<var>${headers}</var>
<arg>Accept=application/json</arg>
<doc>Creates and returns a dictionary based on the given ``items``.</doc>
<status status="PASS" start="2026-06-23T01:33:40.777182" elapsed="0.000000"/>
</kw>
<kw name="GET On Session" owner="RequestsLibrary">
<msg time="2026-06-23T01:33:41.212528" level="INFO">GET Request : url=https://parabank.parasoft.com/parabank/services/bank/accounts/13344 
 path_url=/parabank/services/bank/accounts/13344 
 headers={'User-Agent': 'python-requests/2.34.2', 'Accept-Encoding': 'gzip, deflate', 'Accept': 'application/json', 'Connection': 'keep-alive'} 
 body=None 
 </msg>
<msg time="2026-06-23T01:33:41.212528" level="INFO">GET Response : url=https://parabank.parasoft.com/parabank/services/bank/accounts/13344 
 status=200, reason=OK 
 headers={'Date': 'Mon, 22 Jun 2026 20:03:41 GMT', 'Content-Type': 'application/json', 'Transfer-Encoding': 'chunked', 'Connection': 'keep-alive', 'Server': 'cloudflare', 'cf-cache-status': 'DYNAMIC', 'X-Content-Type-Options': 'nosniff', 'Content-Encoding': 'gzip', 'CF-RAY': 'a0fddb94d95ef4e5-FRA'} 
 body={"id":13344,"customerId":12212,"type":"CHECKING","balance":-49999996001.07} 
 </msg>
<msg time="2026-06-23T01:33:41.212528" level="INFO">C:\Users\GEET SHRIMALI\OneDrive\Desktop\final_sprint\.venv\Lib\site-packages\urllib3\connectionpool.py:1110: InsecureRequestWarning: Unverified HTTPS request is being made to host 'parabank.parasoft.com'. Adding certificate verification is strongly advised. See: https://urllib3.readthedocs.io/en/latest/advanced-usage.html#tls-warnings
  warnings.warn(</msg>
<msg time="2026-06-23T01:33:41.212528" level="INFO">${response} = &lt;Response [200]&gt;</msg>
<var>${response}</var>
<arg>parabank</arg>
<arg>/accounts/${accountId}</arg>
<arg>expected_status=any</arg>
<arg>headers=${headers}</arg>
<doc>Sends a GET request on a previously created HTTP Session.</doc>
<status status="PASS" start="2026-06-23T01:33:40.777182" elapsed="0.435346"/>
</kw>
<return>
<value>${response}</value>
<status status="PASS" start="2026-06-23T01:33:41.212528" elapsed="0.000000"/>
</return>
<msg time="2026-06-23T01:33:41.212528" level="INFO">${from_after} = &lt;Response [200]&gt;</msg>
<var>${from_after}</var>
<arg>${fr_ac}</arg>
<status status="PASS" start="2026-06-23T01:33:40.777182" elapsed="0.435346"/>
</kw>
<kw name="Get Account Details" owner="api_keywords">
<kw name="Create Dictionary" owner="BuiltIn">
<msg time="2026-06-23T01:33:41.226766" level="INFO">${headers} = {'Accept': 'application/json'}</msg>
<var>${headers}</var>
<arg>Accept=application/json</arg>
<doc>Creates and returns a dictionary based on the given ``items``.</doc>
<status status="PASS" start="2026-06-23T01:33:41.226766" elapsed="0.000000"/>
</kw>
<kw name="GET On Session" owner="RequestsLibrary">
<msg time="2026-06-23T01:33:41.678532" level="INFO">GET Request : url=https://parabank.parasoft.com/parabank/services/bank/accounts/14121 
 path_url=/parabank/services/bank/accounts/14121 
 headers={'User-Agent': 'python-requests/2.34.2', 'Accept-Encoding': 'gzip, deflate', 'Accept': 'application/json', 'Connection': 'keep-alive'} 
 body=None 
 </msg>
<msg time="2026-06-23T01:33:41.678532" level="INFO">GET Response : url=https://parabank.parasoft.com/parabank/services/bank/accounts/14121 
 status=200, reason=OK 
 headers={'Date': 'Mon, 22 Jun 2026 20:03:41 GMT', 'Content-Type': 'application/json', 'Transfer-Encoding': 'chunked', 'Connection': 'keep-alive', 'Server': 'cloudflare', 'cf-cache-status': 'DYNAMIC', 'X-Content-Type-Options': 'nosniff', 'Content-Encoding': 'gzip', 'CF-RAY': 'a0fddb97aa66f4e5-FRA'} 
 body={"id":14121,"customerId":12212,"type":"SAVINGS","balance":200.00} 
 </msg>
<msg time="2026-06-23T01:33:41.678532" level="INFO">C:\Users\GEET SHRIMALI\OneDrive\Desktop\final_sprint\.venv\Lib\site-packages\urllib3\connectionpool.py:1110: InsecureRequestWarning: Unverified HTTPS request is being made to host 'parabank.parasoft.com'. Adding certificate verification is strongly advised. See: https://urllib3.readthedocs.io/en/latest/advanced-usage.html#tls-warnings
  warnings.warn(</msg>
<msg time="2026-06-23T01:33:41.681883" level="INFO">${response} = &lt;Response [200]&gt;</msg>
<var>${response}</var>
<arg>parabank</arg>
<arg>/accounts/${accountId}</arg>
<arg>expected_status=any</arg>
<arg>headers=${headers}</arg>
<doc>Sends a GET request on a previously created HTTP Session.</doc>
<status status="PASS" start="2026-06-23T01:33:41.226766" elapsed="0.455117"/>
</kw>
<return>
<value>${response}</value>
<status status="PASS" start="2026-06-23T01:33:41.681883" elapsed="0.000000"/>
</return>
<msg time="2026-06-23T01:33:41.681883" level="INFO">${to_after} = &lt;Response [200]&gt;</msg>
<var>${to_after}</var>
<arg>${to_ac}</arg>
<status status="PASS" start="2026-06-23T01:33:41.212528" elapsed="0.469355"/>
</kw>
<kw name="Set Variable" owner="BuiltIn">
<msg time="2026-06-23T01:33:41.681883" level="INFO">${after_from} = -49999996001.07</msg>
<var>${after_from}</var>
<arg>${from_after.json()['balance']}</arg>
<doc>Returns the given values which can then be assigned to a variables.</doc>
<status status="PASS" start="2026-06-23T01:33:41.681883" elapsed="0.000000"/>
</kw>
<kw name="Set Variable" owner="BuiltIn">
<msg time="2026-06-23T01:33:41.681883" level="INFO">${after_to} = 200.0</msg>
<var>${after_to}</var>
<arg>${to_after.json()['balance']}</arg>
<doc>Returns the given values which can then be assigned to a variables.</doc>
<status status="PASS" start="2026-06-23T01:33:41.681883" elapsed="0.000000"/>
</kw>
<kw name="Evaluate" owner="BuiltIn">
<msg time="2026-06-23T01:33:41.681883" level="INFO">${expected_from} = -49999996101.07</msg>
<var>${expected_from}</var>
<arg>float(${before_from}) - 100</arg>
<doc>Evaluates the given expression in Python and returns the result.</doc>
<status status="PASS" start="2026-06-23T01:33:41.681883" elapsed="0.000000"/>
</kw>
<kw name="Evaluate" owner="BuiltIn">
<msg time="2026-06-23T01:33:41.686706" level="INFO">${expected_to} = 200.0</msg>
<var>${expected_to}</var>
<arg>float(${before_to}) + 100</arg>
<doc>Evaluates the given expression in Python and returns the result.</doc>
<status status="PASS" start="2026-06-23T01:33:41.686706" elapsed="0.000000"/>
</kw>
<kw name="Should Be Equal As Numbers" owner="BuiltIn">
<msg time="2026-06-23T01:33:41.686706" level="FAIL">-49999996001.07 != -49999996101.07</msg>
<arg>${after_from}</arg>
<arg>${expected_from}</arg>
<doc>Fails if objects are unequal after converting them to real numbers.</doc>
<status status="FAIL" start="2026-06-23T01:33:41.686706" elapsed="0.000000">-49999996001.07 != -49999996101.07</status>
</kw>
<kw name="Should Be Equal As Numbers" owner="BuiltIn">
<arg>${after_to}</arg>
<arg>${expected_to}</arg>
<doc>Fails if objects are unequal after converting them to real numbers.</doc>
<status status="NOT RUN" start="2026-06-23T01:33:41.686706" elapsed="0.000000"/>
</kw>
<arg>${ACCOUNT_ID}</arg>
<arg>${dest_account}</arg>
<arg>${balance_before_from}</arg>
<arg>${balance_before_to}</arg>
<status status="FAIL" start="2026-06-23T01:33:40.776184" elapsed="0.910522">-49999996001.07 != -49999996101.07</status>
</kw>
<kw name="Validate Transfer Via API" owner="api_keywords">
<kw name="Get Account Details" owner="api_keywords">
<kw name="Create Dictionary" owner="BuiltIn">
<msg time="2026-06-23T01:33:42.687086" level="INFO">${headers} = {'Accept': 'application/json'}</msg>
<var>${headers}</var>
<arg>Accept=application/json</arg>
<doc>Creates and returns a dictionary based on the given ``items``.</doc>
<status status="PASS" start="2026-06-23T01:33:42.687086" elapsed="0.000000"/>
</kw>
<kw name="GET On Session" owner="RequestsLibrary">
<msg time="2026-06-23T01:33:43.116047" level="INFO">GET Request : url=https://parabank.parasoft.com/parabank/services/bank/accounts/13344 
 path_url=/parabank/services/bank/accounts/13344 
 headers={'User-Agent': 'python-requests/2.34.2', 'Accept-Encoding': 'gzip, deflate', 'Accept': 'application/json', 'Connection': 'keep-alive'} 
 body=None 
 </msg>
<msg time="2026-06-23T01:33:43.116047" level="INFO">GET Response : url=https://parabank.parasoft.com/parabank/services/bank/accounts/13344 
 status=200, reason=OK 
 headers={'Date': 'Mon, 22 Jun 2026 20:03:43 GMT', 'Content-Type': 'application/json', 'Transfer-Encoding': 'chunked', 'Connection': 'keep-alive', 'Server': 'cloudflare', 'cf-cache-status': 'DYNAMIC', 'X-Content-Type-Options': 'nosniff', 'Content-Encoding': 'gzip', 'CF-RAY': 'a0fddba0c831f4e5-FRA'} 
 body={"id":13344,"customerId":12212,"type":"CHECKING","balance":-49999996101.07} 
 </msg>
<msg time="2026-06-23T01:33:43.116047" level="INFO">C:\Users\GEET SHRIMALI\OneDrive\Desktop\final_sprint\.venv\Lib\site-packages\urllib3\connectionpool.py:1110: InsecureRequestWarning: Unverified HTTPS request is being made to host 'parabank.parasoft.com'. Adding certificate verification is strongly advised. See: https://urllib3.readthedocs.io/en/latest/advanced-usage.html#tls-warnings
  warnings.warn(</msg>
<msg time="2026-06-23T01:33:43.116047" level="INFO">${response} = &lt;Response [200]&gt;</msg>
<var>${response}</var>
<arg>parabank</arg>
<arg>/accounts/${accountId}</arg>
<arg>expected_status=any</arg>
<arg>headers=${headers}</arg>
<doc>Sends a GET request on a previously created HTTP Session.</doc>
<status status="PASS" start="2026-06-23T01:33:42.687086" elapsed="0.428961"/>
</kw>
<return>
<value>${response}</value>
<status status="PASS" start="2026-06-23T01:33:43.116047" elapsed="0.000000"/>
</return>
<msg time="2026-06-23T01:33:43.117053" level="INFO">${from_after} = &lt;Response [200]&gt;</msg>
<var>${from_after}</var>
<arg>${fr_ac}</arg>
<status status="PASS" start="2026-06-23T01:33:42.687086" elapsed="0.429967"/>
</kw>
<kw name="Get Account Details" owner="api_keywords">
<kw name="Create Dictionary" owner="BuiltIn">
<msg time="2026-06-23T01:33:43.118081" level="INFO">${headers} = {'Accept': 'application/json'}</msg>
<var>${headers}</var>
<arg>Accept=application/json</arg>
<doc>Creates and returns a dictionary based on the given ``items``.</doc>
<status status="PASS" start="2026-06-23T01:33:43.117053" elapsed="0.001028"/>
</kw>
<kw name="GET On Session" owner="RequestsLibrary">
<msg time="2026-06-23T01:33:44.326167" level="INFO">GET Request : url=https://parabank.parasoft.com/parabank/services/bank/accounts/14121 
 path_url=/parabank/services/bank/accounts/14121 
 headers={'User-Agent': 'python-requests/2.34.2', 'Accept-Encoding': 'gzip, deflate', 'Accept': 'application/json', 'Connection': 'keep-alive'} 
 body=None 
 </msg>
<msg time="2026-06-23T01:33:44.326167" level="INFO">GET Response : url=https://parabank.parasoft.com/parabank/services/bank/accounts/14121 
 status=200, reason=OK 
 headers={'Date': 'Mon, 22 Jun 2026 20:03:43 GMT', 'Content-Type': 'application/json', 'Transfer-Encoding': 'chunked', 'Connection': 'keep-alive', 'Server': 'cloudflare', 'cf-cache-status': 'DYNAMIC', 'X-Content-Type-Options': 'nosniff', 'Content-Encoding': 'gzip', 'CF-RAY': 'a0fddba369adf4e5-FRA'} 
 body={"id":14121,"customerId":12212,"type":"SAVINGS","balance":200.00} 
 </msg>
<msg time="2026-06-23T01:33:44.326167" level="INFO">C:\Users\GEET SHRIMALI\OneDrive\Desktop\final_sprint\.venv\Lib\site-packages\urllib3\connectionpool.py:1110: InsecureRequestWarning: Unverified HTTPS request is being made to host 'parabank.parasoft.com'. Adding certificate verification is strongly advised. See: https://urllib3.readthedocs.io/en/latest/advanced-usage.html#tls-warnings
  warnings.warn(</msg>
<msg time="2026-06-23T01:33:44.326167" level="INFO">${response} = &lt;Response [200]&gt;</msg>
<var>${response}</var>
<arg>parabank</arg>
<arg>/accounts/${accountId}</arg>
<arg>expected_status=any</arg>
<arg>headers=${headers}</arg>
<doc>Sends a GET request on a previously created HTTP Session.</doc>
<status status="PASS" start="2026-06-23T01:33:43.118081" elapsed="1.208086"/>
</kw>
<return>
<value>${response}</value>
<status status="PASS" start="2026-06-23T01:33:44.326167" elapsed="0.000000"/>
</return>
<msg time="2026-06-23T01:33:44.326167" level="INFO">${to_after} = &lt;Response [200]&gt;</msg>
<var>${to_after}</var>
<arg>${to_ac}</arg>
<status status="PASS" start="2026-06-23T01:33:43.117053" elapsed="1.209114"/>
</kw>
<kw name="Set Variable" owner="BuiltIn">
<msg time="2026-06-23T01:33:44.326167" level="INFO">${after_from} = -49999996101.07</msg>
<var>${after_from}</var>
<arg>${from_after.json()['balance']}</arg>
<doc>Returns the given values which can then be assigned to a variables.</doc>
<status status="PASS" start="2026-06-23T01:33:44.326167" elapsed="0.000000"/>
</kw>
<kw name="Set Variable" owner="BuiltIn">
<msg time="2026-06-23T01:33:44.326167" level="INFO">${after_to} = 200.0</msg>
<var>${after_to}</var>
<arg>${to_after.json()['balance']}</arg>
<doc>Returns the given values which can then be assigned to a variables.</doc>
<status status="PASS" start="2026-06-23T01:33:44.326167" elapsed="0.000000"/>
</kw>
<kw name="Evaluate" owner="BuiltIn">
<msg time="2026-06-23T01:33:44.326167" level="INFO">${expected_from} = -49999996101.07</msg>
<var>${expected_from}</var>
<arg>float(${before_from}) - 100</arg>
<doc>Evaluates the given expression in Python and returns the result.</doc>
<status status="PASS" start="2026-06-23T01:33:44.326167" elapsed="0.000000"/>
</kw>
<kw name="Evaluate" owner="BuiltIn">
<msg time="2026-06-23T01:33:44.326167" level="INFO">${expected_to} = 200.0</msg>
<var>${expected_to}</var>
<arg>float(${before_to}) + 100</arg>
<doc>Evaluates the given expression in Python and returns the result.</doc>
<status status="PASS" start="2026-06-23T01:33:44.326167" elapsed="0.000000"/>
</kw>
<kw name="Should Be Equal As Numbers" owner="BuiltIn">
<arg>${after_from}</arg>
<arg>${expected_from}</arg>
<doc>Fails if objects are unequal after converting them to real numbers.</doc>
<status status="PASS" start="2026-06-23T01:33:44.326167" elapsed="0.000000"/>
</kw>
<kw name="Should Be Equal As Numbers" owner="BuiltIn">
<arg>${after_to}</arg>
<arg>${expected_to}</arg>
<doc>Fails if objects are unequal after converting them to real numbers.</doc>
<status status="PASS" start="2026-06-23T01:33:44.326167" elapsed="0.000000"/>
</kw>
<arg>${ACCOUNT_ID}</arg>
<arg>${dest_account}</arg>
<arg>${balance_before_from}</arg>
<arg>${balance_before_to}</arg>
<status status="PASS" start="2026-06-23T01:33:42.687086" elapsed="1.639081"/>
</kw>
<arg>10s</arg>
<arg>1s</arg>
<arg>Validate Transfer Via API</arg>
<arg>${ACCOUNT_ID}</arg>
<arg>${dest_account}</arg>
<arg>${balance_before_from}</arg>
<arg>${balance_before_to}</arg>
<doc>Runs the specified keyword and retries if it fails.</doc>
<status status="PASS" start="2026-06-23T01:33:40.775182" elapsed="3.557222"/>
</kw>
<kw name="Log" owner="BuiltIn">
<msg time="2026-06-23T01:33:44.332404" level="INFO">Funds Transferred and Validated</msg>
<arg>Funds Transferred and Validated</arg>
<doc>Logs the given message with the given level.</doc>
<status status="PASS" start="2026-06-23T01:33:44.332404" elapsed="0.000000"/>
</kw>
<kw name="Save Screenshot" owner="common_resources" type="TEARDOWN">
<kw name="Create Directory" owner="OperatingSystem">
<msg time="2026-06-23T01:33:44.335481" level="INFO" html="true">Created directory '&lt;a href="file://C:\Users\GEET SHRIMALI\OneDrive\Desktop\final_sprint\pabot_results\5\screenshots"&gt;C:\Users\GEET SHRIMALI\OneDrive\Desktop\final_sprint\pabot_results\5\screenshots&lt;/a&gt;'.</msg>
<arg>${OUTPUT DIR}/screenshots</arg>
<doc>Creates the specified directory.</doc>
<status status="PASS" start="2026-06-23T01:33:44.332910" elapsed="0.002571"/>
</kw>
<kw name="Capture Page Screenshot" owner="SeleniumLibrary">
<msg time="2026-06-23T01:33:44.514421" level="INFO" html="true">&lt;/td&gt;&lt;/tr&gt;&lt;tr&gt;&lt;td colspan="3"&gt;&lt;a href="screenshots/TC_E2E_03%20Transfer%20Funds%20And%20Validate%20Via%20API.png"&gt;&lt;img src="screenshots/TC_E2E_03%20Transfer%20Funds%20And%20Validate%20Via%20API.png" width="800px"&gt;&lt;/a&gt;</msg>
<arg>${OUTPUT DIR}/screenshots/${TEST NAME}.png</arg>
<doc>Takes a screenshot of the current page and embeds it into a log file.</doc>
<status status="PASS" start="2026-06-23T01:33:44.336044" elapsed="0.178377"/>
</kw>
<kw name="Close All Browsers" owner="SeleniumLibrary">
<doc>Closes all open browsers and resets the browser cache.</doc>
<status status="PASS" start="2026-06-23T01:33:44.514421" elapsed="2.639801"/>
</kw>
<status status="PASS" start="2026-06-23T01:33:44.332910" elapsed="2.821312"/>
</kw>
<status status="PASS" start="2026-06-23T01:33:27.616891" elapsed="19.537331"/>
</test>
<status status="PASS" start="2026-06-23T01:33:27.274397" elapsed="19.879825"/>
</suite>
<status status="PASS" start="2026-06-23T01:33:27.274397" elapsed="19.879825"/>
</suite>
<suite id="s1-s3" name="Ui" source="C:\Users\GEET SHRIMALI\OneDrive\Desktop\final_sprint\tests\ui">
<suite id="s1-s3-s1" name="TC UI 01" source="C:\Users\GEET SHRIMALI\OneDrive\Desktop\final_sprint\tests\ui\TC_UI_01.robot">
<kw name="Load Environment" owner="common_resources" type="SETUP">
<kw name="Load Env" owner="env_loader">
<arg>${ENV}</arg>
<status status="PASS" start="2026-06-23T01:33:29.256112" elapsed="0.015836"/>
</kw>
<kw name="Get Env" owner="env_loader">
<msg time="2026-06-23T01:33:29.271948" level="INFO">${url} = https://parabank.parasoft.com</msg>
<var>${url}</var>
<arg>baseurl</arg>
<status status="PASS" start="2026-06-23T01:33:29.271948" elapsed="0.000000"/>
</kw>
<kw name="Get Env" owner="env_loader">
<msg time="2026-06-23T01:33:29.271948" level="INFO">${id} = john</msg>
<var>${id}</var>
<arg>user_id</arg>
<status status="PASS" start="2026-06-23T01:33:29.271948" elapsed="0.000000"/>
</kw>
<kw name="Get Env" owner="env_loader">
<msg time="2026-06-23T01:33:29.271948" level="INFO">${pwd} = demo</msg>
<var>${pwd}</var>
<arg>user_password</arg>
<status status="PASS" start="2026-06-23T01:33:29.271948" elapsed="0.000000"/>
</kw>
<kw name="Set Global Variable" owner="BuiltIn">
<msg time="2026-06-23T01:33:29.274746" level="INFO">${BASE_URL} = https://parabank.parasoft.com</msg>
<arg>${BASE_URL}</arg>
<arg>${url}</arg>
<doc>Makes a variable available globally in all tests and suites.</doc>
<status status="PASS" start="2026-06-23T01:33:29.271948" elapsed="0.002798"/>
</kw>
<kw name="Set Global Variable" owner="BuiltIn">
<msg time="2026-06-23T01:33:29.275764" level="INFO">${USER_ID} = john</msg>
<arg>${USER_ID}</arg>
<arg>${id}</arg>
<doc>Makes a variable available globally in all tests and suites.</doc>
<status status="PASS" start="2026-06-23T01:33:29.274746" elapsed="0.001018"/>
</kw>
<kw name="Set Global Variable" owner="BuiltIn">
<msg time="2026-06-23T01:33:29.276745" level="INFO">${USER_PWD} = demo</msg>
<arg>${USER_PWD}</arg>
<arg>${pwd}</arg>
<doc>Makes a variable available globally in all tests and suites.</doc>
<status status="PASS" start="2026-06-23T01:33:29.275764" elapsed="0.000981"/>
</kw>
<status status="PASS" start="2026-06-23T01:33:29.256112" elapsed="0.020633"/>
</kw>
<test id="s1-s3-s1-t1" name="TC_UI_01 Create Savings Account" line="11">
<kw name="open app" owner="common_resources" type="SETUP">
<kw name="Open Browser" owner="SeleniumLibrary">
<msg time="2026-06-23T01:33:29.277763" level="INFO">Opening browser 'chrome' to base url 'https://parabank.parasoft.com'.</msg>
<arg>${BASE_URL}</arg>
<arg>${BROWSER}</arg>
<doc>Opens a new browser instance to the optional ``url``.</doc>
<status status="PASS" start="2026-06-23T01:33:29.277763" elapsed="3.504368"/>
</kw>
<kw name="Maximize Browser Window" owner="SeleniumLibrary">
<doc>Maximizes current browser window.</doc>
<status status="PASS" start="2026-06-23T01:33:32.782131" elapsed="0.025414"/>
</kw>
<doc>opens the application</doc>
<status status="PASS" start="2026-06-23T01:33:29.277763" elapsed="3.529782"/>
</kw>
<kw name="login" owner="home_pg">
<kw name="Wait Until Element Is Visible" owner="SeleniumLibrary">
<arg>${usr_fld}</arg>
<doc>Waits until the element ``locator`` is visible.</doc>
<status status="PASS" start="2026-06-23T01:33:32.807545" elapsed="0.023126"/>
</kw>
<kw name="Input Text" owner="SeleniumLibrary">
<msg time="2026-06-23T01:33:32.830671" level="INFO">Typing text 'john' into text field 'css=input[name=username]'.</msg>
<arg>${usr_fld}</arg>
<arg>${id}</arg>
<doc>Types the given ``text`` into the text field identified by ``locator``.</doc>
<status status="PASS" start="2026-06-23T01:33:32.830671" elapsed="0.073568"/>
</kw>
<kw name="Log" owner="BuiltIn">
<msg time="2026-06-23T01:33:32.904239" level="INFO">entering id</msg>
<arg>entering id</arg>
<doc>Logs the given message with the given level.</doc>
<status status="PASS" start="2026-06-23T01:33:32.904239" elapsed="0.000000"/>
</kw>
<kw name="Input Text" owner="SeleniumLibrary">
<msg time="2026-06-23T01:33:32.904239" level="INFO">Typing text 'demo' into text field 'css=input[name=password]'.</msg>
<arg>${pass_fld}</arg>
<arg>${pwd}</arg>
<doc>Types the given ``text`` into the text field identified by ``locator``.</doc>
<status status="PASS" start="2026-06-23T01:33:32.904239" elapsed="0.128885"/>
</kw>
<kw name="Log" owner="BuiltIn">
<msg time="2026-06-23T01:33:33.033124" level="INFO">entering password</msg>
<arg>entering password</arg>
<doc>Logs the given message with the given level.</doc>
<status status="PASS" start="2026-06-23T01:33:33.033124" elapsed="0.000000"/>
</kw>
<kw name="Click Element" owner="SeleniumLibrary">
<msg time="2026-06-23T01:33:33.035242" level="INFO">Clicking element 'css=input.button'.</msg>
<arg>${login}</arg>
<doc>Click the element identified by ``locator``.</doc>
<status status="PASS" start="2026-06-23T01:33:33.033124" elapsed="1.356296"/>
</kw>
<kw name="Log" owner="BuiltIn">
<msg time="2026-06-23T01:33:34.390449" level="INFO">login</msg>
<arg>login</arg>
<doc>Logs the given message with the given level.</doc>
<status status="PASS" start="2026-06-23T01:33:34.389420" elapsed="0.001357"/>
</kw>
<arg>${USER_ID}</arg>
<arg>${USER_PWD}</arg>
<status status="PASS" start="2026-06-23T01:33:32.807545" elapsed="1.583232"/>
</kw>
<kw name="Create Account" owner="open_account">
<kw name="Click Element" owner="SeleniumLibrary">
<msg time="2026-06-23T01:33:34.390777" level="INFO">Clicking element 'css=a[href="openaccount.htm"]'.</msg>
<arg>${Open_Account}</arg>
<doc>Click the element identified by ``locator``.</doc>
<status status="PASS" start="2026-06-23T01:33:34.390777" elapsed="0.419853"/>
</kw>
<kw name="Wait Until Element Is Visible" owner="SeleniumLibrary">
<arg>${Account_Type}</arg>
<arg>10s</arg>
<doc>Waits until the element ``locator`` is visible.</doc>
<status status="PASS" start="2026-06-23T01:33:34.810630" elapsed="0.018013"/>
</kw>
<kw name="Select From List By Label" owner="SeleniumLibrary">
<msg time="2026-06-23T01:33:34.829659" level="INFO">Selecting options from selection list 'xpath=//select[@id="type"]' by label SAVINGS.</msg>
<arg>${Account_Type}</arg>
<arg>${acc_type}</arg>
<doc>Selects options from selection list ``locator`` by ``labels``.</doc>
<status status="PASS" start="2026-06-23T01:33:34.829659" elapsed="0.099065"/>
</kw>
<kw name="Wait Until Element Contains" owner="SeleniumLibrary">
<arg>${From_Account}</arg>
<arg>13344</arg>
<doc>Waits until the element ``locator`` contains ``text``.</doc>
<status status="PASS" start="2026-06-23T01:33:34.928724" elapsed="0.457205"/>
</kw>
<kw name="Wait Until Element Is Enabled" owner="SeleniumLibrary">
<arg>${Open_New_account}</arg>
<arg>5s</arg>
<doc>Waits until the element ``locator`` is enabled.</doc>
<status status="PASS" start="2026-06-23T01:33:35.386974" elapsed="0.013936"/>
</kw>
<kw name="Click Element" owner="SeleniumLibrary">
<msg time="2026-06-23T01:33:35.400910" level="INFO">Clicking element 'css=input.button'.</msg>
<arg>${Open_New_account}</arg>
<doc>Click the element identified by ``locator``.</doc>
<status status="PASS" start="2026-06-23T01:33:35.400910" elapsed="0.049206"/>
</kw>
<kw name="Wait Until Page Contains" owner="SeleniumLibrary">
<arg>Congratulations, your account is now open.</arg>
<doc>Waits until ``text`` appears on the current page.</doc>
<status status="PASS" start="2026-06-23T01:33:35.450116" elapsed="0.006749"/>
</kw>
<kw name="Wait Until Element Is Visible" owner="SeleniumLibrary">
<arg>${New_Account_ID_LOC}</arg>
<arg>5s</arg>
<doc>Waits until the element ``locator`` is visible.</doc>
<status status="PASS" start="2026-06-23T01:33:35.458386" elapsed="0.650202"/>
</kw>
<kw name="Get Text" owner="SeleniumLibrary">
<msg time="2026-06-23T01:33:36.108588" level="INFO">${accountId} = 14010</msg>
<var>${accountId}</var>
<arg>${New_Account_ID_LOC}</arg>
<doc>Returns the text value of the element identified by ``locator``.</doc>
<status status="PASS" start="2026-06-23T01:33:36.108588" elapsed="0.000000"/>
</kw>
<kw name="Set Suite Variable" owner="BuiltIn">
<msg time="2026-06-23T01:33:36.121917" level="INFO">${NEW_ACCOUNT_ID} = 14010</msg>
<arg>${NEW_ACCOUNT_ID}</arg>
<arg>${accountId}</arg>
<doc>Makes a variable available everywhere within the scope of the current suite.</doc>
<status status="PASS" start="2026-06-23T01:33:36.108588" elapsed="0.013329"/>
</kw>
<kw name="Log To Console" owner="BuiltIn">
<arg>Created Account: ${accountId}</arg>
<doc>Logs the given message to the console.</doc>
<status status="PASS" start="2026-06-23T01:33:36.121917" elapsed="0.000000"/>
</kw>
<return>
<value>${accountId}</value>
<status status="PASS" start="2026-06-23T01:33:36.121917" elapsed="0.000000"/>
</return>
<arg>SAVINGS</arg>
<status status="PASS" start="2026-06-23T01:33:34.390777" elapsed="1.731140"/>
</kw>
<kw name="Page Should Contain" owner="SeleniumLibrary">
<msg time="2026-06-23T01:33:36.133917" level="INFO">Current page contains text 'Congratulations, your account is now open.'.</msg>
<arg>Congratulations, your account is now open.</arg>
<doc>Verifies that current page contains ``text``.</doc>
<status status="PASS" start="2026-06-23T01:33:36.121917" elapsed="0.012000"/>
</kw>
<kw name="Save Screenshot" owner="common_resources" type="TEARDOWN">
<kw name="Create Directory" owner="OperatingSystem">
<msg time="2026-06-23T01:33:36.133917" level="INFO" html="true">Created directory '&lt;a href="file://C:\Users\GEET SHRIMALI\OneDrive\Desktop\final_sprint\pabot_results\6\screenshots"&gt;C:\Users\GEET SHRIMALI\OneDrive\Desktop\final_sprint\pabot_results\6\screenshots&lt;/a&gt;'.</msg>
<arg>${OUTPUT DIR}/screenshots</arg>
<doc>Creates the specified directory.</doc>
<status status="PASS" start="2026-06-23T01:33:36.133917" elapsed="0.000000"/>
</kw>
<kw name="Capture Page Screenshot" owner="SeleniumLibrary">
<msg time="2026-06-23T01:33:36.225399" level="INFO" html="true">&lt;/td&gt;&lt;/tr&gt;&lt;tr&gt;&lt;td colspan="3"&gt;&lt;a href="screenshots/TC_UI_01%20Create%20Savings%20Account.png"&gt;&lt;img src="screenshots/TC_UI_01%20Create%20Savings%20Account.png" width="800px"&gt;&lt;/a&gt;</msg>
<arg>${OUTPUT DIR}/screenshots/${TEST NAME}.png</arg>
<doc>Takes a screenshot of the current page and embeds it into a log file.</doc>
<status status="PASS" start="2026-06-23T01:33:36.133917" elapsed="0.091482"/>
</kw>
<kw name="Close All Browsers" owner="SeleniumLibrary">
<doc>Closes all open browsers and resets the browser cache.</doc>
<status status="PASS" start="2026-06-23T01:33:36.225399" elapsed="2.341629"/>
</kw>
<status status="PASS" start="2026-06-23T01:33:36.133917" elapsed="2.433111"/>
</kw>
<doc>Create Savings Account</doc>
<tag>ui</tag>
<status status="PASS" start="2026-06-23T01:33:29.276745" elapsed="9.290283"/>
</test>
<status status="PASS" start="2026-06-23T01:33:28.877449" elapsed="9.689579"/>
</suite>
<suite id="s1-s3-s2" name="TC UI 02" source="C:\Users\GEET SHRIMALI\OneDrive\Desktop\final_sprint\tests\ui\TC_UI_02.robot">
<kw name="Load Environment" owner="common_resources" type="SETUP">
<kw name="Load Env" owner="env_loader">
<arg>${ENV}</arg>
<status status="PASS" start="2026-06-23T01:33:39.562232" elapsed="0.001470"/>
</kw>
<kw name="Get Env" owner="env_loader">
<msg time="2026-06-23T01:33:39.564063" level="INFO">${url} = https://parabank.parasoft.com</msg>
<var>${url}</var>
<arg>baseurl</arg>
<status status="PASS" start="2026-06-23T01:33:39.563702" elapsed="0.000361"/>
</kw>
<kw name="Get Env" owner="env_loader">
<msg time="2026-06-23T01:33:39.564063" level="INFO">${id} = john</msg>
<var>${id}</var>
<arg>user_id</arg>
<status status="PASS" start="2026-06-23T01:33:39.564063" elapsed="0.000000"/>
</kw>
<kw name="Get Env" owner="env_loader">
<msg time="2026-06-23T01:33:39.564063" level="INFO">${pwd} = demo</msg>
<var>${pwd}</var>
<arg>user_password</arg>
<status status="PASS" start="2026-06-23T01:33:39.564063" elapsed="0.000000"/>
</kw>
<kw name="Set Global Variable" owner="BuiltIn">
<msg time="2026-06-23T01:33:39.565178" level="INFO">${BASE_URL} = https://parabank.parasoft.com</msg>
<arg>${BASE_URL}</arg>
<arg>${url}</arg>
<doc>Makes a variable available globally in all tests and suites.</doc>
<status status="PASS" start="2026-06-23T01:33:39.564063" elapsed="0.001115"/>
</kw>
<kw name="Set Global Variable" owner="BuiltIn">
<msg time="2026-06-23T01:33:39.566178" level="INFO">${USER_ID} = john</msg>
<arg>${USER_ID}</arg>
<arg>${id}</arg>
<doc>Makes a variable available globally in all tests and suites.</doc>
<status status="PASS" start="2026-06-23T01:33:39.565178" elapsed="0.001000"/>
</kw>
<kw name="Set Global Variable" owner="BuiltIn">
<msg time="2026-06-23T01:33:39.567179" level="INFO">${USER_PWD} = demo</msg>
<arg>${USER_PWD}</arg>
<arg>${pwd}</arg>
<doc>Makes a variable available globally in all tests and suites.</doc>
<status status="PASS" start="2026-06-23T01:33:39.566178" elapsed="0.001001"/>
</kw>
<status status="PASS" start="2026-06-23T01:33:39.561230" elapsed="0.005949"/>
</kw>
<test id="s1-s3-s2-t1" name="TC_UI_02 Create Checking Account" line="10">
<kw name="open app" owner="common_resources" type="SETUP">
<kw name="Open Browser" owner="SeleniumLibrary">
<msg time="2026-06-23T01:33:39.568179" level="INFO">Opening browser 'chrome' to base url 'https://parabank.parasoft.com'.</msg>
<arg>${BASE_URL}</arg>
<arg>${BROWSER}</arg>
<doc>Opens a new browser instance to the optional ``url``.</doc>
[...]
<arg>${url}</arg>
<doc>Makes a variable available globally in all tests and suites.</doc>
<status status="PASS" start="2026-06-23T01:34:36.613084" elapsed="0.000000"/>
</kw>
<kw name="Set Global Variable" owner="BuiltIn">
<msg time="2026-06-23T01:34:36.613084" level="INFO">${USER_ID} = john</msg>
<arg>${USER_ID}</arg>
<arg>${id}</arg>
<doc>Makes a variable available globally in all tests and suites.</doc>
<status status="PASS" start="2026-06-23T01:34:36.613084" elapsed="0.000000"/>
</kw>
<kw name="Set Global Variable" owner="BuiltIn">
<msg time="2026-06-23T01:34:36.613084" level="INFO">${USER_PWD} = demo</msg>
<arg>${USER_PWD}</arg>
<arg>${pwd}</arg>
<doc>Makes a variable available globally in all tests and suites.</doc>
<status status="PASS" start="2026-06-23T01:34:36.613084" elapsed="0.000000"/>
</kw>
<status status="PASS" start="2026-06-23T01:34:36.613084" elapsed="0.000000"/>
</kw>
<test id="s1-s3-s9-t1" name="TC_UI_07 Validate Transfer To Same Account" line="10">
<kw name="open app" owner="common_resources" type="SETUP">
<kw name="Open Browser" owner="SeleniumLibrary">
<msg time="2026-06-23T01:34:36.613084" level="INFO">Opening browser 'chrome' to base url 'https://parabank.parasoft.com'.</msg>
<arg>${BASE_URL}</arg>
<arg>${BROWSER}</arg>
<doc>Opens a new browser instance to the optional ``url``.</doc>
<status status="PASS" start="2026-06-23T01:34:36.613084" elapsed="4.993335"/>
</kw>
<kw name="Maximize Browser Window" owner="SeleniumLibrary">
<doc>Maximizes current browser window.</doc>
<status status="PASS" start="2026-06-23T01:34:41.606419" elapsed="0.026852"/>
</kw>
<doc>opens the application</doc>
<status status="PASS" start="2026-06-23T01:34:36.613084" elapsed="5.020187"/>
</kw>
<kw name="login" owner="home_pg">
<kw name="Wait Until Element Is Visible" owner="SeleniumLibrary">
<arg>${usr_fld}</arg>
<doc>Waits until the element ``locator`` is visible.</doc>
<status status="PASS" start="2026-06-23T01:34:41.633777" elapsed="0.023424"/>
</kw>
<kw name="Input Text" owner="SeleniumLibrary">
<msg time="2026-06-23T01:34:41.657201" level="INFO">Typing text 'john' into text field 'css=input[name=username]'.</msg>
<arg>${usr_fld}</arg>
<arg>${id}</arg>
<doc>Types the given ``text`` into the text field identified by ``locator``.</doc>
<status status="PASS" start="2026-06-23T01:34:41.657201" elapsed="0.076297"/>
</kw>
<kw name="Log" owner="BuiltIn">
<msg time="2026-06-23T01:34:41.735961" level="INFO">entering id</msg>
<arg>entering id</arg>
<doc>Logs the given message with the given level.</doc>
<status status="PASS" start="2026-06-23T01:34:41.733498" elapsed="0.002463"/>
</kw>
<kw name="Input Text" owner="SeleniumLibrary">
<msg time="2026-06-23T01:34:41.735961" level="INFO">Typing text 'demo' into text field 'css=input[name=password]'.</msg>
<arg>${pass_fld}</arg>
<arg>${pwd}</arg>
<doc>Types the given ``text`` into the text field identified by ``locator``.</doc>
<status status="PASS" start="2026-06-23T01:34:41.735961" elapsed="0.095946"/>
</kw>
<kw name="Log" owner="BuiltIn">
<msg time="2026-06-23T01:34:41.832908" level="INFO">entering password</msg>
<arg>entering password</arg>
<doc>Logs the given message with the given level.</doc>
<status status="PASS" start="2026-06-23T01:34:41.832908" elapsed="0.000000"/>
</kw>
<kw name="Click Element" owner="SeleniumLibrary">
<msg time="2026-06-23T01:34:41.832908" level="INFO">Clicking element 'css=input.button'.</msg>
<arg>${login}</arg>
<doc>Click the element identified by ``locator``.</doc>
<status status="PASS" start="2026-06-23T01:34:41.832908" elapsed="2.046090"/>
</kw>
<kw name="Log" owner="BuiltIn">
<msg time="2026-06-23T01:34:43.879998" level="INFO">login</msg>
<arg>login</arg>
<doc>Logs the given message with the given level.</doc>
<status status="PASS" start="2026-06-23T01:34:43.878998" elapsed="0.001000"/>
</kw>
<arg>${USER_ID}</arg>
<arg>${USER_PWD}</arg>
<status status="PASS" start="2026-06-23T01:34:41.633777" elapsed="2.246221"/>
</kw>
<kw name="Log" owner="BuiltIn">
<msg time="2026-06-23T01:34:43.880983" level="INFO">Logged in successfully</msg>
<arg>Logged in successfully</arg>
<doc>Logs the given message with the given level.</doc>
<status status="PASS" start="2026-06-23T01:34:43.879998" elapsed="0.000985"/>
</kw>
<kw name="Transfer Funds Same Account" owner="transfer_funds">
<kw name="Click Element" owner="SeleniumLibrary">
<msg time="2026-06-23T01:34:43.882291" level="INFO">Clicking element 'css=a[href="transfer.htm"]'.</msg>
<arg>${Transfer_Funds}</arg>
<doc>Click the element identified by ``locator``.</doc>
<status status="PASS" start="2026-06-23T01:34:43.882291" elapsed="1.069153"/>
</kw>
<kw name="Log" owner="BuiltIn">
<msg time="2026-06-23T01:34:44.951444" level="INFO">clicked transfer funds</msg>
<arg>clicked transfer funds</arg>
<doc>Logs the given message with the given level.</doc>
<status status="PASS" start="2026-06-23T01:34:44.951444" elapsed="0.000000"/>
</kw>
<kw name="Wait Until Element Is Visible" owner="SeleniumLibrary">
<arg>${Funds_Amount}</arg>
<arg>5s</arg>
<doc>Waits until the element ``locator`` is visible.</doc>
<status status="PASS" start="2026-06-23T01:34:44.951444" elapsed="0.013762"/>
</kw>
<kw name="Input Text" owner="SeleniumLibrary">
<msg time="2026-06-23T01:34:44.965206" level="INFO">Typing text '100' into text field 'xpath=//input[@id='amount']'.</msg>
<arg>${Funds_Amount}</arg>
<arg>${amount}</arg>
<doc>Types the given ``text`` into the text field identified by ``locator``.</doc>
<status status="PASS" start="2026-06-23T01:34:44.965206" elapsed="0.058700"/>
</kw>
<kw name="Wait Until Element Contains" owner="SeleniumLibrary">
<arg>${From_Account}</arg>
<arg>13344</arg>
<doc>Waits until the element ``locator`` contains ``text``.</doc>
<status status="PASS" start="2026-06-23T01:34:45.023906" elapsed="0.439714"/>
</kw>
<kw name="Select From List By Index" owner="SeleniumLibrary">
<msg time="2026-06-23T01:34:45.463620" level="INFO">Selecting options from selection list 'xpath=//select[@id='fromAccountId']' by index 0.</msg>
<arg>${From_Account}</arg>
<arg>0</arg>
<doc>Selects options from selection list ``locator`` by ``indexes``.</doc>
<status status="PASS" start="2026-06-23T01:34:45.463620" elapsed="0.040458"/>
</kw>
<kw name="Select From List By Index" owner="SeleniumLibrary">
<msg time="2026-06-23T01:34:45.504078" level="INFO">Selecting options from selection list 'xpath=//select[@id='toAccountId']' by index 0.</msg>
<arg>${To_Account}</arg>
<arg>0</arg>
<doc>Selects options from selection list ``locator`` by ``indexes``.</doc>
<status status="PASS" start="2026-06-23T01:34:45.504078" elapsed="0.023160"/>
</kw>
<kw name="Wait Until Element Is Enabled" owner="SeleniumLibrary">
<arg>${Transfer_Button}</arg>
<doc>Waits until the element ``locator`` is enabled.</doc>
<status status="PASS" start="2026-06-23T01:34:45.527238" elapsed="0.014689"/>
</kw>
<kw name="Click Element" owner="SeleniumLibrary">
<msg time="2026-06-23T01:34:45.541927" level="INFO">Clicking element 'css=input.button'.</msg>
<arg>${Transfer_Button}</arg>
<doc>Click the element identified by ``locator``.</doc>
<status status="PASS" start="2026-06-23T01:34:45.541927" elapsed="0.048416"/>
</kw>
<kw name="Wait Until Page Contains" owner="SeleniumLibrary">
<arg>Transfer Complete!</arg>
<doc>Waits until ``text`` appears on the current page.</doc>
<status status="PASS" start="2026-06-23T01:34:45.590343" elapsed="0.008504"/>
</kw>
<kw name="Log" owner="BuiltIn">
<msg time="2026-06-23T01:34:45.599847" level="INFO">Funds transferred</msg>
<arg>Funds transferred</arg>
<doc>Logs the given message with the given level.</doc>
<status status="PASS" start="2026-06-23T01:34:45.599847" elapsed="0.000000"/>
</kw>
<arg>100</arg>
<status status="PASS" start="2026-06-23T01:34:43.881983" elapsed="1.717864"/>
</kw>
<kw name="Wait Until Element Is Visible" owner="SeleniumLibrary">
<arg>${Amount_result}</arg>
<doc>Waits until the element ``locator`` is visible.</doc>
<status status="PASS" start="2026-06-23T01:34:45.599847" elapsed="0.634207"/>
</kw>
<kw name="Page Should Contain" owner="SeleniumLibrary">
<msg time="2026-06-23T01:34:46.355347" level="INFO" html="true">&lt;/td&gt;&lt;/tr&gt;&lt;tr&gt;&lt;td colspan="3"&gt;&lt;a href="20260623_013321-14-selenium-screenshot-1.png"&gt;&lt;img src="20260623_013321-14-selenium-screenshot-1.png" width="800px"&gt;&lt;/a&gt;</msg>
<msg time="2026-06-23T01:34:46.355347" level="FAIL">Page should have contained text 'Transfer Incomplete!' but did not.</msg>
<arg>Transfer Incomplete!</arg>
<doc>Verifies that current page contains ``text``.</doc>
<status status="FAIL" start="2026-06-23T01:34:46.234054" elapsed="0.121293">Page should have contained text 'Transfer Incomplete!' but did not.</status>
</kw>
<kw name="Save Screenshot" owner="common_resources" type="TEARDOWN">
<kw name="Create Directory" owner="OperatingSystem">
<msg time="2026-06-23T01:34:46.355347" level="INFO" html="true">Created directory '&lt;a href="file://C:\Users\GEET SHRIMALI\OneDrive\Desktop\final_sprint\pabot_results\14\screenshots"&gt;C:\Users\GEET SHRIMALI\OneDrive\Desktop\final_sprint\pabot_results\14\screenshots&lt;/a&gt;'.</msg>
<arg>${OUTPUT DIR}/screenshots</arg>
<doc>Creates the specified directory.</doc>
<status status="PASS" start="2026-06-23T01:34:46.355347" elapsed="0.000000"/>
</kw>
<kw name="Capture Page Screenshot" owner="SeleniumLibrary">
<msg time="2026-06-23T01:34:46.449574" level="INFO" html="true">&lt;/td&gt;&lt;/tr&gt;&lt;tr&gt;&lt;td colspan="3"&gt;&lt;a href="screenshots/TC_UI_07%20Validate%20Transfer%20To%20Same%20Account.png"&gt;&lt;img src="screenshots/TC_UI_07%20Validate%20Transfer%20To%20Same%20Account.png" width="800px"&gt;&lt;/a&gt;</msg>
<arg>${OUTPUT DIR}/screenshots/${TEST NAME}.png</arg>
<doc>Takes a screenshot of the current page and embeds it into a log file.</doc>
<status status="PASS" start="2026-06-23T01:34:46.355347" elapsed="0.094227"/>
</kw>
<kw name="Close All Browsers" owner="SeleniumLibrary">
<doc>Closes all open browsers and resets the browser cache.</doc>
<status status="PASS" start="2026-06-23T01:34:46.449574" elapsed="2.461996"/>
</kw>
<status status="PASS" start="2026-06-23T01:34:46.355347" elapsed="2.556223"/>
</kw>
<doc>Validate transfer to same account(FAIL)</doc>
<tag>ui negative</tag>
<status status="FAIL" start="2026-06-23T01:34:36.613084" elapsed="12.298486">Page should have contained text 'Transfer Incomplete!' but did not.</status>
</test>
<status status="FAIL" start="2026-06-23T01:34:36.248196" elapsed="12.663374"/>
</suite>
<suite id="s1-s3-s10" name="TC-LOGIN-01" source="C:\Users\GEET SHRIMALI\OneDrive\Desktop\final_sprint\tests\ui\TC-LOGIN-01.robot">
<kw name="Load Environment" owner="common_resources" type="SETUP">
<kw name="Load Env" owner="env_loader">
<arg>${ENV}</arg>
<status status="PASS" start="2026-06-23T01:34:37.721730" elapsed="0.000000"/>
</kw>
<kw name="Get Env" owner="env_loader">
<msg time="2026-06-23T01:34:37.721730" level="INFO">${url} = https://parabank.parasoft.com</msg>
<var>${url}</var>
<arg>baseurl</arg>
<status status="PASS" start="2026-06-23T01:34:37.721730" elapsed="0.000000"/>
</kw>
<kw name="Get Env" owner="env_loader">
<msg time="2026-06-23T01:34:37.721730" level="INFO">${id} = john</msg>
<var>${id}</var>
<arg>user_id</arg>
<status status="PASS" start="2026-06-23T01:34:37.721730" elapsed="0.000000"/>
</kw>
<kw name="Get Env" owner="env_loader">
<msg time="2026-06-23T01:34:37.721730" level="INFO">${pwd} = demo</msg>
<var>${pwd}</var>
<arg>user_password</arg>
<status status="PASS" start="2026-06-23T01:34:37.721730" elapsed="0.000000"/>
</kw>
<kw name="Set Global Variable" owner="BuiltIn">
<msg time="2026-06-23T01:34:37.721730" level="INFO">${BASE_URL} = https://parabank.parasoft.com</msg>
<arg>${BASE_URL}</arg>
<arg>${url}</arg>
<doc>Makes a variable available globally in all tests and suites.</doc>
<status status="PASS" start="2026-06-23T01:34:37.721730" elapsed="0.000000"/>
</kw>
<kw name="Set Global Variable" owner="BuiltIn">
<msg time="2026-06-23T01:34:37.721730" level="INFO">${USER_ID} = john</msg>
<arg>${USER_ID}</arg>
<arg>${id}</arg>
<doc>Makes a variable available globally in all tests and suites.</doc>
<status status="PASS" start="2026-06-23T01:34:37.721730" elapsed="0.000000"/>
</kw>
<kw name="Set Global Variable" owner="BuiltIn">
<msg time="2026-06-23T01:34:37.721730" level="INFO">${USER_PWD} = demo</msg>
<arg>${USER_PWD}</arg>
<arg>${pwd}</arg>
<doc>Makes a variable available globally in all tests and suites.</doc>
<status status="PASS" start="2026-06-23T01:34:37.721730" elapsed="0.000000"/>
</kw>
<status status="PASS" start="2026-06-23T01:34:37.721730" elapsed="0.000000"/>
</kw>
<test id="s1-s3-s10-t1" name="TC-LOGIN-01 Verify login functionality" line="10">
<kw name="open app" owner="common_resources" type="SETUP">
<kw name="Open Browser" owner="SeleniumLibrary">
<msg time="2026-06-23T01:34:37.721730" level="INFO">Opening browser 'chrome' to base url 'https://parabank.parasoft.com'.</msg>
<arg>${BASE_URL}</arg>
<arg>${BROWSER}</arg>
<doc>Opens a new browser instance to the optional ``url``.</doc>
<status status="PASS" start="2026-06-23T01:34:37.721730" elapsed="4.516468"/>
</kw>
<kw name="Maximize Browser Window" owner="SeleniumLibrary">
<doc>Maximizes current browser window.</doc>
<status status="PASS" start="2026-06-23T01:34:42.238198" elapsed="0.032998"/>
</kw>
<doc>opens the application</doc>
<status status="PASS" start="2026-06-23T01:34:37.721730" elapsed="4.549466"/>
</kw>
<kw name="login" owner="home_pg">
<kw name="Wait Until Element Is Visible" owner="SeleniumLibrary">
<arg>${usr_fld}</arg>
<doc>Waits until the element ``locator`` is visible.</doc>
<status status="PASS" start="2026-06-23T01:34:42.272195" elapsed="0.022891"/>
</kw>
<kw name="Input Text" owner="SeleniumLibrary">
<msg time="2026-06-23T01:34:42.295086" level="INFO">Typing text 'john' into text field 'css=input[name=username]'.</msg>
<arg>${usr_fld}</arg>
<arg>${id}</arg>
<doc>Types the given ``text`` into the text field identified by ``locator``.</doc>
<status status="PASS" start="2026-06-23T01:34:42.295086" elapsed="0.069025"/>
</kw>
<kw name="Log" owner="BuiltIn">
<msg time="2026-06-23T01:34:42.364111" level="INFO">entering id</msg>
<arg>entering id</arg>
<doc>Logs the given message with the given level.</doc>
<status status="PASS" start="2026-06-23T01:34:42.364111" elapsed="0.000000"/>
</kw>
<kw name="Input Text" owner="SeleniumLibrary">
<msg time="2026-06-23T01:34:42.365665" level="INFO">Typing text 'demo' into text field 'css=input[name=password]'.</msg>
<arg>${pass_fld}</arg>
<arg>${pwd}</arg>
<doc>Types the given ``text`` into the text field identified by ``locator``.</doc>
<status status="PASS" start="2026-06-23T01:34:42.364111" elapsed="0.084627"/>
</kw>
<kw name="Log" owner="BuiltIn">
<msg time="2026-06-23T01:34:42.450718" level="INFO">entering password</msg>
<arg>entering password</arg>
<doc>Logs the given message with the given level.</doc>
<status status="PASS" start="2026-06-23T01:34:42.448738" elapsed="0.001980"/>
</kw>
<kw name="Click Element" owner="SeleniumLibrary">
<msg time="2026-06-23T01:34:42.451060" level="INFO">Clicking element 'css=input.button'.</msg>
<arg>${login}</arg>
<doc>Click the element identified by ``locator``.</doc>
<status status="PASS" start="2026-06-23T01:34:42.450718" elapsed="1.670798"/>
</kw>
<kw name="Log" owner="BuiltIn">
<msg time="2026-06-23T01:34:44.123281" level="INFO">login</msg>
<arg>login</arg>
<doc>Logs the given message with the given level.</doc>
<status status="PASS" start="2026-06-23T01:34:44.123281" elapsed="0.000000"/>
</kw>
<arg>${USER_ID}</arg>
<arg>${USER_PWD}</arg>
<status status="PASS" start="2026-06-23T01:34:42.272195" elapsed="1.851086"/>
</kw>
<kw name="Location Should Contain" owner="SeleniumLibrary">
<msg time="2026-06-23T01:34:44.126433" level="INFO">Current location contains '/overview.htm'.</msg>
<arg>/overview.htm</arg>
<doc>Verifies that the current URL contains ``expected``.</doc>
<status status="PASS" start="2026-06-23T01:34:44.123281" elapsed="0.003152"/>
</kw>
<kw name="Save Screenshot" owner="common_resources" type="TEARDOWN">
<kw name="Create Directory" owner="OperatingSystem">
<msg time="2026-06-23T01:34:44.129164" level="INFO" html="true">Created directory '&lt;a href="file://C:\Users\GEET SHRIMALI\OneDrive\Desktop\final_sprint\pabot_results\15\screenshots"&gt;C:\Users\GEET SHRIMALI\OneDrive\Desktop\final_sprint\pabot_results\15\screenshots&lt;/a&gt;'.</msg>
<arg>${OUTPUT DIR}/screenshots</arg>
<doc>Creates the specified directory.</doc>
<status status="PASS" start="2026-06-23T01:34:44.128438" elapsed="0.000726"/>
</kw>
<kw name="Capture Page Screenshot" owner="SeleniumLibrary">
<msg time="2026-06-23T01:34:44.243736" level="INFO" html="true">&lt;/td&gt;&lt;/tr&gt;&lt;tr&gt;&lt;td colspan="3"&gt;&lt;a href="screenshots/TC-LOGIN-01%20Verify%20login%20functionality.png"&gt;&lt;img src="screenshots/TC-LOGIN-01%20Verify%20login%20functionality.png" width="800px"&gt;&lt;/a&gt;</msg>
<arg>${OUTPUT DIR}/screenshots/${TEST NAME}.png</arg>
<doc>Takes a screenshot of the current page and embeds it into a log file.</doc>
<status status="PASS" start="2026-06-23T01:34:44.129164" elapsed="0.114572"/>
</kw>
<kw name="Close All Browsers" owner="SeleniumLibrary">
<doc>Closes all open browsers and resets the browser cache.</doc>
<status status="PASS" start="2026-06-23T01:34:44.243736" elapsed="2.325750"/>
</kw>
<status status="PASS" start="2026-06-23T01:34:44.126433" elapsed="2.443053"/>
</kw>
<doc>Verify login functionality with valid credentials</doc>
<tag>ui</tag>
<status status="PASS" start="2026-06-23T01:34:37.721730" elapsed="8.847756"/>
</test>
<status status="PASS" start="2026-06-23T01:34:37.287561" elapsed="9.281925"/>
</suite>
<status status="FAIL" start="2026-06-23T01:33:28.875000" elapsed="80.036000"/>
</suite>
<status status="FAIL" start="2026-06-23T01:33:22.613000" elapsed="86.298000"/>
</suite>
<statistics>
<total>
<stat pass="12" fail="4" skip="0">All Tests</stat>
</total>
<tag>
<stat pass="3" fail="0" skip="0">api</stat>
<stat pass="2" fail="0" skip="0">api negative</stat>
<stat pass="5" fail="0" skip="0">ui</stat>
<stat pass="1" fail="4" skip="0">ui negative</stat>
</tag>
<suite>
<stat name="Tests" id="s1" pass="12" fail="4" skip="0">Tests</stat>
<stat name="Api" id="s1-s1" pass="5" fail="0" skip="0">Tests.Api</stat>
<stat name="TC API 01" id="s1-s1-s1" pass="1" fail="0" skip="0">Tests.Api.TC API 01</stat>
<stat name="TC API 02" id="s1-s1-s2" pass="1" fail="0" skip="0">Tests.Api.TC API 02</stat>
<stat name="TC API 03" id="s1-s1-s3" pass="1" fail="0" skip="0">Tests.Api.TC API 03</stat>
<stat name="TC API 04" id="s1-s1-s4" pass="1" fail="0" skip="0">Tests.Api.TC API 04</stat>
<stat name="TC API 05" id="s1-s1-s5" pass="1" fail="0" skip="0">Tests.Api.TC API 05</stat>
<stat name="E2E" id="s1-s2" pass="1" fail="0" skip="0">Tests.E2E</stat>
<stat name="TC E2E 03" id="s1-s2-s1" pass="1" fail="0" skip="0">Tests.E2E.TC E2E 03</stat>
<stat name="Ui" id="s1-s3" pass="6" fail="4" skip="0">Tests.Ui</stat>
<stat name="TC UI 01" id="s1-s3-s1" pass="1" fail="0" skip="0">Tests.Ui.TC UI 01</stat>
<stat name="TC UI 02" id="s1-s3-s2" pass="1" fail="0" skip="0">Tests.Ui.TC UI 02</stat>
<stat name="TC UI 03" id="s1-s3-s3" pass="1" fail="0" skip="0">Tests.Ui.TC UI 03</stat>
<stat name="TC UI 04" id="s1-s3-s4" pass="1" fail="0" skip="0">Tests.Ui.TC UI 04</stat>
<stat name="TC UI 05" id="s1-s3-s5" pass="1" fail="0" skip="0">Tests.Ui.TC UI 05</stat>
<stat name="TC UI 6A" id="s1-s3-s6" pass="0" fail="1" skip="0">Tests.Ui.TC UI 6A</stat>
<stat name="TC UI 6B" id="s1-s3-s7" pass="0" fail="1" skip="0">Tests.Ui.TC UI 6B</stat>
<stat name="TC UI 6C" id="s1-s3-s8" pass="0" fail="1" skip="0">Tests.Ui.TC UI 6C</stat>
<stat name="TC UI 7" id="s1-s3-s9" pass="0" fail="1" skip="0">Tests.Ui.TC UI 7</stat>
<stat name="TC-LOGIN-01" id="s1-s3-s10" pass="1" fail="0" skip="0">Tests.Ui.TC-LOGIN-01</stat>
</suite>
</statistics>
<errors>
</errors>
</robot>
