<?xml version="1.0" encoding="UTF-8"?>
<robot generator="Robot 7.4.2 (Python 3.12.0 on win32)" generated="2026-06-23T01:33:22.613520" rpa="false" schemaversion="5">
<suite id="s1" name="Tests" source="C:\Users\GEET SHRIMALI\OneDrive\Desktop\final_sprint\tests">
<suite id="s1-s1" name="Api" source="C:\Users\GEET SHRIMALI\OneDrive\Desktop\final_sprint\tests\api">
<suite id="s1-s1-s1" name="TC API 01" source="C:\Users\GEET SHRIMALI\OneDrive\Desktop\final_sprint\tests\api\TC_API_01.robot">
<kw name="Create Session To API" owner="api_keywords" type="SETUP">
<kw name="Create Session" owner="RequestsLibrary">
<msg time="2026-06-23T01:33:23.052175" level="INFO">Creating Session using : alias=parabank, url=https://parabank.parasoft.com/parabank/services/bank, headers={},                     cookies={}, auth=None, timeout=None, proxies=None, verify=False,                     debug=0 </msg>
<arg>parabank</arg>
<arg>${API_BASE_URL}</arg>
<doc>Create Session: create a HTTP session to a server</doc>
<status status="PASS" start="2026-06-23T01:33:23.052175" elapsed="0.000000"/>
</kw>
<status status="PASS" start="2026-06-23T01:33:23.049484" elapsed="0.002691"/>
</kw>
<test id="s1-s1-s1-t1" name="TC_API_01 Verify Accounts" line="7">
<kw name="Get Customer Accounts" owner="api_keywords">
<kw name="Create Dictionary" owner="BuiltIn">
<msg time="2026-06-23T01:33:23.052175" level="INFO">${headers} = {'Accept': 'application/json'}</msg>
<var>${headers}</var>
<arg>Accept=application/json</arg>
<doc>Creates and returns a dictionary based on the given ``items``.</doc>
<status status="PASS" start="2026-06-23T01:33:23.052175" elapsed="0.000000"/>
</kw>
<kw name="GET On Session" owner="RequestsLibrary">
<msg time="2026-06-23T01:33:24.177364" level="INFO">GET Request : url=https://parabank.parasoft.com/parabank/services/bank/customers/12212/accounts 
 path_url=/parabank/services/bank/customers/12212/accounts 
 headers={'User-Agent': 'python-requests/2.34.2', 'Accept-Encoding': 'gzip, deflate', 'Accept': 'application/json', 'Connection': 'keep-alive'} 
 body=None 
 </msg>
<msg time="2026-06-23T01:33:24.177364" level="INFO">GET Response : url=https://parabank.parasoft.com/parabank/services/bank/customers/12212/accounts 
 status=200, reason=OK 
 headers={'Date': 'Mon, 22 Jun 2026 20:03:24 GMT', 'Content-Type': 'application/json', 'Transfer-Encoding': 'chunked', 'Connection': 'keep-alive', 'Server': 'cloudflare', 'cf-cache-status': 'DYNAMIC', 'X-Content-Type-Options': 'nosniff', 'Content-Encoding': 'gzip', 'CF-RAY': 'a0fddb2a3b33afea-FRA'} 
 body=[{"id":13344,"customerId":12212,"type":"CHECKING","balance":-49999995796.07},{"id":13455,"customerId":12212,"type":"SAVINGS","balance":-400.00},{"id":13566,"customerId":12212,"type":"SAVINGS","balance":50000001019.00},{"id":13788,"customerId":12212,"type":"CHECKING","balance":200.00},{"id":13899,"customerId":12212,"type":"SAVINGS","balance":0.00}] 
 </msg>
<msg time="2026-06-23T01:33:24.177364" level="INFO">C:\Users\GEET SHRIMALI\OneDrive\Desktop\final_sprint\.venv\Lib\site-packages\urllib3\connectionpool.py:1110: InsecureRequestWarning: Unverified HTTPS request is being made to host 'parabank.parasoft.com'. Adding certificate verification is strongly advised. See: https://urllib3.readthedocs.io/en/latest/advanced-usage.html#tls-warnings
  warnings.warn(</msg>
<msg time="2026-06-23T01:33:24.177364" level="INFO">${response} = &lt;Response [200]&gt;</msg>
<var>${response}</var>
<arg>parabank</arg>
<arg>/customers/${customerId}/accounts</arg>
<arg>expected_status=any</arg>
<arg>headers=${headers}</arg>
<doc>Sends a GET request on a previously created HTTP Session.</doc>
<status status="PASS" start="2026-06-23T01:33:23.052175" elapsed="1.125189"/>
</kw>
<return>
<value>${response}</value>
<status status="PASS" start="2026-06-23T01:33:24.177364" elapsed="0.000000"/>
</return>
<msg time="2026-06-23T01:33:24.177364" level="INFO">${response} = &lt;Response [200]&gt;</msg>
<var>${response}</var>
<arg>${CUSTOMER_ID}</arg>
<status status="PASS" start="2026-06-23T01:33:23.052175" elapsed="1.125189"/>
</kw>
<kw name="Should Be Equal As Integers" owner="BuiltIn">
<msg time="2026-06-23T01:33:24.179354" level="INFO">Argument types are:
&lt;class 'int'&gt;
&lt;class 'str'&gt;</msg>
<arg>${response.status_code}</arg>
<arg>200</arg>
<doc>Fails if objects are unequal after converting them to integers.</doc>
<status status="PASS" start="2026-06-23T01:33:24.177364" elapsed="0.001990"/>
</kw>
<kw name="Set Variable" owner="BuiltIn">
<msg time="2026-06-23T01:33:24.179354" level="INFO">${body} = [{'id': 13344, 'customerId': 12212, 'type': 'CHECKING', 'balance': -49999995796.07}, {'id': 13455, 'customerId': 12212, 'type': 'SAVINGS', 'balance': -400.0}, {'id': 13566, 'customerId': 12212, 'type'...</msg>
<var>${body}</var>
<arg>${response.json()}</arg>
<doc>Returns the given values which can then be assigned to a variables.</doc>
<status status="PASS" start="2026-06-23T01:33:24.179354" elapsed="0.000000"/>
</kw>
<kw name="Should Not Be Empty" owner="BuiltIn">
<msg time="2026-06-23T01:33:24.179354" level="INFO">Length is 5.</msg>
<arg>${body}</arg>
<doc>Verifies that the given item is not empty.</doc>
<status status="PASS" start="2026-06-23T01:33:24.179354" elapsed="0.000000"/>
</kw>
<kw name="Log To Console" owner="BuiltIn">
<arg>${body}</arg>
<doc>Logs the given message to the console.</doc>
<status status="PASS" start="2026-06-23T01:33:24.179354" elapsed="0.000000"/>
</kw>
<kw name="Log To Console" owner="BuiltIn">
<arg>${response.status_code}</arg>
<doc>Logs the given message to the console.</doc>
<status status="PASS" start="2026-06-23T01:33:24.179354" elapsed="0.000000"/>
</kw>
<doc>Verify accounts API</doc>
<tag>api</tag>
<status status="PASS" start="2026-06-23T01:33:23.052175" elapsed="1.127179"/>
</test>
<status status="PASS" start="2026-06-23T01:33:22.631176" elapsed="1.548178"/>
</suite>
<status status="PASS" start="2026-06-23T01:33:22.631176" elapsed="1.548178"/>
</suite>
<status status="PASS" start="2026-06-23T01:33:22.613520" elapsed="1.565834"/>
</suite>
<statistics>
<total>
<stat pass="1" fail="0" skip="0">All Tests</stat>
</total>
<tag>
<stat pass="1" fail="0" skip="0">api</stat>
</tag>
<suite>
<stat name="Tests" id="s1" pass="1" fail="0" skip="0">Tests</stat>
<stat name="Api" id="s1-s1" pass="1" fail="0" skip="0">Tests.Api</stat>
<stat name="TC API 01" id="s1-s1-s1" pass="1" fail="0" skip="0">Tests.Api.TC API 01</stat>
</suite>
</statistics>
<errors>
</errors>
</robot>
