<?xml version="1.0" encoding="UTF-8"?>
<robot generator="Robot 7.4.2 (Python 3.12.0 on win32)" generated="2026-06-23T01:33:39.150158" rpa="false" schemaversion="5">
<suite id="s1" name="Tests" source="C:\Users\GEET SHRIMALI\OneDrive\Desktop\final_sprint\tests">
<suite id="s1-s1" name="Ui" source="C:\Users\GEET SHRIMALI\OneDrive\Desktop\final_sprint\tests\ui">
<suite id="s1-s1-s1" name="TC UI 02" source="C:\Users\GEET SHRIMALI\OneDrive\Desktop\final_sprint\tests\ui\TC_UI_02.robot">
<kw name="Load Environment" owner="common_resources" type="SETUP">
<kw name="Load Env" owner="env_loader">
<arg>${ENV}</arg>
<status status="PASS" start="2026-06-23T01:33:39.562232" elapsed="0.001470"/>
</kw>
<kw name="Get Env" owner="env_loader">
<msg time="2026-06-23T01:33:39.564063" level="INFO">${url} = https://parabank.parasoft.com</msg>
<var>${url}</var>
<arg>baseurl</arg>
<status status="PASS" start="2026-06-23T01:33:39.563702" elapsed="0.000361"/>
</kw>
<kw name="Get Env" owner="env_loader">
<msg time="2026-06-23T01:33:39.564063" level="INFO">${id} = john</msg>
<var>${id}</var>
<arg>user_id</arg>
<status status="PASS" start="2026-06-23T01:33:39.564063" elapsed="0.000000"/>
</kw>
<kw name="Get Env" owner="env_loader">
<msg time="2026-06-23T01:33:39.564063" level="INFO">${pwd} = demo</msg>
<var>${pwd}</var>
<arg>user_password</arg>
<status status="PASS" start="2026-06-23T01:33:39.564063" elapsed="0.000000"/>
</kw>
<kw name="Set Global Variable" owner="BuiltIn">
<msg time="2026-06-23T01:33:39.565178" level="INFO">${BASE_URL} = https://parabank.parasoft.com</msg>
<arg>${BASE_URL}</arg>
<arg>${url}</arg>
<doc>Makes a variable available globally in all tests and suites.</doc>
<status status="PASS" start="2026-06-23T01:33:39.564063" elapsed="0.001115"/>
</kw>
<kw name="Set Global Variable" owner="BuiltIn">
<msg time="2026-06-23T01:33:39.566178" level="INFO">${USER_ID} = john</msg>
<arg>${USER_ID}</arg>
<arg>${id}</arg>
<doc>Makes a variable available globally in all tests and suites.</doc>
<status status="PASS" start="2026-06-23T01:33:39.565178" elapsed="0.001000"/>
</kw>
<kw name="Set Global Variable" owner="BuiltIn">
<msg time="2026-06-23T01:33:39.567179" level="INFO">${USER_PWD} = demo</msg>
<arg>${USER_PWD}</arg>
<arg>${pwd}</arg>
<doc>Makes a variable available globally in all tests and suites.</doc>
<status status="PASS" start="2026-06-23T01:33:39.566178" elapsed="0.001001"/>
</kw>
<status status="PASS" start="2026-06-23T01:33:39.561230" elapsed="0.005949"/>
</kw>
<test id="s1-s1-s1-t1" name="TC_UI_02 Create Checking Account" line="10">
<kw name="open app" owner="common_resources" type="SETUP">
<kw name="Open Browser" owner="SeleniumLibrary">
<msg time="2026-06-23T01:33:39.568179" level="INFO">Opening browser 'chrome' to base url 'https://parabank.parasoft.com'.</msg>
<arg>${BASE_URL}</arg>
<arg>${BROWSER}</arg>
<doc>Opens a new browser instance to the optional ``url``.</doc>
<status status="PASS" start="2026-06-23T01:33:39.568179" elapsed="4.673540"/>
</kw>
<kw name="Maximize Browser Window" owner="SeleniumLibrary">
<doc>Maximizes current browser window.</doc>
<status status="PASS" start="2026-06-23T01:33:44.241719" elapsed="0.025912"/>
</kw>
<doc>opens the application</doc>
<status status="PASS" start="2026-06-23T01:33:39.567179" elapsed="4.700452"/>
</kw>
<kw name="login" owner="home_pg">
<kw name="Wait Until Element Is Visible" owner="SeleniumLibrary">
<arg>${usr_fld}</arg>
<doc>Waits until the element ``locator`` is visible.</doc>
<status status="PASS" start="2026-06-23T01:33:44.267631" elapsed="0.040262"/>
</kw>
<kw name="Input Text" owner="SeleniumLibrary">
<msg time="2026-06-23T01:33:44.307893" level="INFO">Typing text 'john' into text field 'css=input[name=username]'.</msg>
<arg>${usr_fld}</arg>
<arg>${id}</arg>
<doc>Types the given ``text`` into the text field identified by ``locator``.</doc>
<status status="PASS" start="2026-06-23T01:33:44.307893" elapsed="0.197210"/>
</kw>
<kw name="Log" owner="BuiltIn">
<msg time="2026-06-23T01:33:44.505103" level="INFO">entering id</msg>
<arg>entering id</arg>
<doc>Logs the given message with the given level.</doc>
<status status="PASS" start="2026-06-23T01:33:44.505103" elapsed="0.000000"/>
</kw>
<kw name="Input Text" owner="SeleniumLibrary">
<msg time="2026-06-23T01:33:44.506307" level="INFO">Typing text 'demo' into text field 'css=input[name=password]'.</msg>
<arg>${pass_fld}</arg>
<arg>${pwd}</arg>
<doc>Types the given ``text`` into the text field identified by ``locator``.</doc>
<status status="PASS" start="2026-06-23T01:33:44.505103" elapsed="0.156627"/>
</kw>
<kw name="Log" owner="BuiltIn">
<msg time="2026-06-23T01:33:44.661730" level="INFO">entering password</msg>
<arg>entering password</arg>
<doc>Logs the given message with the given level.</doc>
<status status="PASS" start="2026-06-23T01:33:44.661730" elapsed="0.000000"/>
</kw>
<kw name="Click Element" owner="SeleniumLibrary">
<msg time="2026-06-23T01:33:44.661730" level="INFO">Clicking element 'css=input.button'.</msg>
<arg>${login}</arg>
<doc>Click the element identified by ``locator``.</doc>
<status status="PASS" start="2026-06-23T01:33:44.661730" elapsed="1.405250"/>
</kw>
<kw name="Log" owner="BuiltIn">
<msg time="2026-06-23T01:33:46.066980" level="INFO">login</msg>
<arg>login</arg>
<doc>Logs the given message with the given level.</doc>
<status status="PASS" start="2026-06-23T01:33:46.066980" elapsed="0.000000"/>
</kw>
<arg>${USER_ID}</arg>
<arg>${USER_PWD}</arg>
<status status="PASS" start="2026-06-23T01:33:44.267631" elapsed="1.799349"/>
</kw>
<kw name="Clear Database" owner="api_keywords">
<kw name="Create Session To API" owner="api_keywords">
<kw name="Create Session" owner="RequestsLibrary">
<msg time="2026-06-23T01:33:46.066980" level="INFO">Creating Session using : alias=parabank, url=https://parabank.parasoft.com/parabank/services/bank, headers={},                     cookies={}, auth=None, timeout=None, proxies=None, verify=False,                     debug=0 </msg>
<arg>parabank</arg>
<arg>${API_BASE_URL}</arg>
<doc>Create Session: create a HTTP session to a server</doc>
<status status="PASS" start="2026-06-23T01:33:46.066980" elapsed="0.000000"/>
</kw>
<status status="PASS" start="2026-06-23T01:33:46.066980" elapsed="0.000000"/>
</kw>
<kw name="Create Dictionary" owner="BuiltIn">
<msg time="2026-06-23T01:33:46.066980" level="INFO">${headers} = {'Accept': 'application/json'}</msg>
<var>${headers}</var>
<arg>Accept=application/json</arg>
<doc>Creates and returns a dictionary based on the given ``items``.</doc>
<status status="PASS" start="2026-06-23T01:33:46.066980" elapsed="0.000000"/>
</kw>
<kw name="POST On Session" owner="RequestsLibrary">
<msg time="2026-06-23T01:33:47.530042" level="INFO">POST Request : url=https://parabank.parasoft.com/parabank/services/bank/cleanDB 
 path_url=/parabank/services/bank/cleanDB 
 headers={'User-Agent': 'python-requests/2.34.2', 'Accept-Encoding': 'gzip, deflate', 'Accept': 'application/json', 'Connection': 'keep-alive', 'Content-Length': '0'} 
 body=None 
 </msg>
<msg time="2026-06-23T01:33:47.530042" level="INFO">POST Response : url=https://parabank.parasoft.com/parabank/services/bank/cleanDB 
 status=204, reason=No Content 
 headers={'Date': 'Mon, 22 Jun 2026 20:03:47 GMT', 'Connection': 'keep-alive', 'Server': 'cloudflare', 'cf-cache-status': 'DYNAMIC', 'X-Content-Type-Options': 'nosniff', 'CF-RAY': 'a0fddbbbde6de7ba-FRA'} 
 body=None 
 </msg>
<msg time="2026-06-23T01:33:47.530042" level="INFO">C:\Users\GEET SHRIMALI\OneDrive\Desktop\final_sprint\.venv\Lib\site-packages\urllib3\connectionpool.py:1110: InsecureRequestWarning: Unverified HTTPS request is being made to host 'parabank.parasoft.com'. Adding certificate verification is strongly advised. See: https://urllib3.readthedocs.io/en/latest/advanced-usage.html#tls-warnings
  warnings.warn(</msg>
<msg time="2026-06-23T01:33:47.530042" level="INFO">${response} = &lt;Response [204]&gt;</msg>
<var>${response}</var>
<arg>parabank</arg>
<arg>/cleanDB</arg>
<arg>expected_status=any</arg>
<arg>headers=${headers}</arg>
<doc>Sends a POST request on a previously created HTTP Session.</doc>
<status status="PASS" start="2026-06-23T01:33:46.066980" elapsed="1.463062"/>
</kw>
<return>
<value>${response}</value>
<status status="PASS" start="2026-06-23T01:33:47.530042" elapsed="0.000000"/>
</return>
<status status="PASS" start="2026-06-23T01:33:46.066980" elapsed="1.465073"/>
</kw>
<kw name="Create Account" owner="open_account">
<kw name="Click Element" owner="SeleniumLibrary">
<msg time="2026-06-23T01:33:47.532053" level="INFO">Clicking element 'css=a[href="openaccount.htm"]'.</msg>
<arg>${Open_Account}</arg>
<doc>Click the element identified by ``locator``.</doc>
<status status="PASS" start="2026-06-23T01:33:47.532053" elapsed="1.093596"/>
</kw>
<kw name="Wait Until Element Is Visible" owner="SeleniumLibrary">
<arg>${Account_Type}</arg>
<arg>10s</arg>
<doc>Waits until the element ``locator`` is visible.</doc>
<status status="PASS" start="2026-06-23T01:33:48.626645" elapsed="0.030520"/>
</kw>
<kw name="Select From List By Label" owner="SeleniumLibrary">
<msg time="2026-06-23T01:33:48.657165" level="INFO">Selecting options from selection list 'xpath=//select[@id="type"]' by label CHECKING.</msg>
<arg>${Account_Type}</arg>
<arg>${acc_type}</arg>
<doc>Selects options from selection list ``locator`` by ``labels``.</doc>
<status status="PASS" start="2026-06-23T01:33:48.657165" elapsed="0.107634"/>
</kw>
<kw name="Wait Until Element Contains" owner="SeleniumLibrary">
<arg>${From_Account}</arg>
<arg>13344</arg>
<doc>Waits until the element ``locator`` contains ``text``.</doc>
<status status="PASS" start="2026-06-23T01:33:48.764799" elapsed="0.958160"/>
</kw>
<kw name="Wait Until Element Is Enabled" owner="SeleniumLibrary">
<arg>${Open_New_account}</arg>
<arg>5s</arg>
<doc>Waits until the element ``locator`` is enabled.</doc>
<status status="PASS" start="2026-06-23T01:33:49.727624" elapsed="0.051904"/>
</kw>
<kw name="Click Element" owner="SeleniumLibrary">
<msg time="2026-06-23T01:33:49.779528" level="INFO">Clicking element 'css=input.button'.</msg>
<arg>${Open_New_account}</arg>
<doc>Click the element identified by ``locator``.</doc>
<status status="PASS" start="2026-06-23T01:33:49.779528" elapsed="0.072719"/>
</kw>
<kw name="Wait Until Page Contains" owner="SeleniumLibrary">
<arg>Congratulations, your account is now open.</arg>
<doc>Waits until ``text`` appears on the current page.</doc>
<status status="PASS" start="2026-06-23T01:33:49.853520" elapsed="0.012001"/>
</kw>
<kw name="Wait Until Element Is Visible" owner="SeleniumLibrary">
<arg>${New_Account_ID_LOC}</arg>
<arg>5s</arg>
<doc>Waits until the element ``locator`` is visible.</doc>
<status status="PASS" start="2026-06-23T01:33:49.865521" elapsed="0.663048"/>
</kw>
<kw name="Get Text" owner="SeleniumLibrary">
<msg time="2026-06-23T01:33:50.540603" level="INFO">${accountId} = 13455</msg>
<var>${accountId}</var>
<arg>${New_Account_ID_LOC}</arg>
<doc>Returns the text value of the element identified by ``locator``.</doc>
<status status="PASS" start="2026-06-23T01:33:50.528569" elapsed="0.012034"/>
</kw>
<kw name="Set Suite Variable" owner="BuiltIn">
<msg time="2026-06-23T01:33:50.540603" level="INFO">${NEW_ACCOUNT_ID} = 13455</msg>
<arg>${NEW_ACCOUNT_ID}</arg>
<arg>${accountId}</arg>
<doc>Makes a variable available everywhere within the scope of the current suite.</doc>
<status status="PASS" start="2026-06-23T01:33:50.540603" elapsed="0.000000"/>
</kw>
<kw name="Log To Console" owner="BuiltIn">
<arg>Created Account: ${accountId}</arg>
<doc>Logs the given message to the console.</doc>
<status status="PASS" start="2026-06-23T01:33:50.542608" elapsed="0.000000"/>
</kw>
<return>
<value>${accountId}</value>
<status status="PASS" start="2026-06-23T01:33:50.542608" elapsed="0.000000"/>
</return>
<arg>CHECKING</arg>
<status status="PASS" start="2026-06-23T01:33:47.532053" elapsed="3.010555"/>
</kw>
<kw name="Page Should Contain" owner="SeleniumLibrary">
<msg time="2026-06-23T01:33:50.549645" level="INFO">Current page contains text 'Congratulations, your account is now open.'.</msg>
<arg>Congratulations, your account is now open.</arg>
<doc>Verifies that current page contains ``text``.</doc>
<status status="PASS" start="2026-06-23T01:33:50.542608" elapsed="0.008042"/>
</kw>
<kw name="Save Screenshot" owner="common_resources" type="TEARDOWN">
<kw name="Create Directory" owner="OperatingSystem">
<msg time="2026-06-23T01:33:50.550650" level="INFO" html="true">Created directory '&lt;a href="file://C:\Users\GEET SHRIMALI\OneDrive\Desktop\final_sprint\pabot_results\7\screenshots"&gt;C:\Users\GEET SHRIMALI\OneDrive\Desktop\final_sprint\pabot_results\7\screenshots&lt;/a&gt;'.</msg>
<arg>${OUTPUT DIR}/screenshots</arg>
<doc>Creates the specified directory.</doc>
<status status="PASS" start="2026-06-23T01:33:50.550650" elapsed="0.002006"/>
</kw>
<kw name="Capture Page Screenshot" owner="SeleniumLibrary">
<msg time="2026-06-23T01:33:50.677187" level="INFO" html="true">&lt;/td&gt;&lt;/tr&gt;&lt;tr&gt;&lt;td colspan="3"&gt;&lt;a href="screenshots/TC_UI_02%20Create%20Checking%20Account.png"&gt;&lt;img src="screenshots/TC_UI_02%20Create%20Checking%20Account.png" width="800px"&gt;&lt;/a&gt;</msg>
<arg>${OUTPUT DIR}/screenshots/${TEST NAME}.png</arg>
<doc>Takes a screenshot of the current page and embeds it into a log file.</doc>
<status status="PASS" start="2026-06-23T01:33:50.552656" elapsed="0.124531"/>
</kw>
<kw name="Close All Browsers" owner="SeleniumLibrary">
<doc>Closes all open browsers and resets the browser cache.</doc>
<status status="PASS" start="2026-06-23T01:33:50.677187" elapsed="2.206405"/>
</kw>
<status status="PASS" start="2026-06-23T01:33:50.550650" elapsed="2.332942"/>
</kw>
<doc>Create savings account</doc>
<tag>ui</tag>
<status status="PASS" start="2026-06-23T01:33:39.567179" elapsed="13.316413"/>
</test>
<status status="PASS" start="2026-06-23T01:33:39.172228" elapsed="13.711364"/>
</suite>
<status status="PASS" start="2026-06-23T01:33:39.170222" elapsed="13.713370"/>
</suite>
<status status="PASS" start="2026-06-23T01:33:39.152165" elapsed="13.731427"/>
</suite>
<statistics>
<total>
<stat pass="1" fail="0" skip="0">All Tests</stat>
</total>
<tag>
<stat pass="1" fail="0" skip="0">ui</stat>
</tag>
<suite>
<stat name="Tests" id="s1" pass="1" fail="0" skip="0">Tests</stat>
<stat name="Ui" id="s1-s1" pass="1" fail="0" skip="0">Tests.Ui</stat>
<stat name="TC UI 02" id="s1-s1-s1" pass="1" fail="0" skip="0">Tests.Ui.TC UI 02</stat>
</suite>
</statistics>
<errors>
</errors>
</robot>
